{"meta": {"format": 3, "version": "7.10.6", "timestamp": "2025-09-13T07:27:04.495127", "branch_coverage": false, "show_contexts": false}, "files": {"services\\__init__.py": {"executed_lines": [17], "summary": {"covered_lines": 0, "num_statements": 0, "percent_covered": 100.0, "percent_covered_display": "100", "missing_lines": 0, "excluded_lines": 0}, "missing_lines": [], "excluded_lines": [], "functions": {"": {"executed_lines": [17], "summary": {"covered_lines": 0, "num_statements": 0, "percent_covered": 100.0, "percent_covered_display": "100", "missing_lines": 0, "excluded_lines": 0}, "missing_lines": [], "excluded_lines": []}}, "classes": {"": {"executed_lines": [17], "summary": {"covered_lines": 0, "num_statements": 0, "percent_covered": 100.0, "percent_covered_display": "100", "missing_lines": 0, "excluded_lines": 0}, "missing_lines": [], "excluded_lines": []}}}, "services\\api_gateway\\__init__.py": {"executed_lines": [17], "summary": {"covered_lines": 0, "num_statements": 0, "percent_covered": 100.0, "percent_covered_display": "100", "missing_lines": 0, "excluded_lines": 0}, "missing_lines": [], "excluded_lines": [], "functions": {"": {"executed_lines": [17], "summary": {"covered_lines": 0, "num_statements": 0, "percent_covered": 100.0, "percent_covered_display": "100", "missing_lines": 0, "excluded_lines": 0}, "missing_lines": [], "excluded_lines": []}}, "classes": {"": {"executed_lines": [17], "summary": {"covered_lines": 0, "num_statements": 0, "percent_covered": 100.0, "percent_covered_display": "100", "missing_lines": 0, "excluded_lines": 0}, "missing_lines": [], "excluded_lines": []}}}, "services\\api_gateway\\app_e2e.py": {"executed_lines": [], "summary": {"covered_lines": 0, "num_statements": 34, "percent_covered": 0.0, "percent_covered_display": "0", "missing_lines": 34, "excluded_lines": 0}, "missing_lines": [28, 30, 31, 33, 34, 36, 37, 44, 47, 49, 51, 53, 56, 57, 59, 61, 63, 65, 67, 72, 80, 84, 86, 101, 102, 103, 106, 107, 110, 119, 121, 122, 124, 126], "excluded_lines": [], "functions": {"health": {"executed_lines": [], "summary": {"covered_lines": 0, "num_statements": 1, "percent_covered": 0.0, "percent_covered_display": "0", "missing_lines": 1, "excluded_lines": 0}, "missing_lines": [103], "excluded_lines": []}, "e2e_solve": {"executed_lines": [], "summary": {"covered_lines": 0, "num_statements": 6, "percent_covered": 0.0, "percent_covered_display": "0", "missing_lines": 6, "excluded_lines": 0}, "missing_lines": [110, 119, 121, 122, 124, 126], "excluded_lines": []}, "": {"executed_lines": [], "summary": {"covered_lines": 0, "num_statements": 27, "percent_covered": 0.0, "percent_covered_display": "0", "missing_lines": 27, "excluded_lines": 0}, "missing_lines": [28, 30, 31, 33, 34, 36, 37, 44, 47, 49, 51, 53, 56, 57, 59, 61, 63, 65, 67, 72, 80, 84, 86, 101, 102, 106, 107], "excluded_lines": []}}, "classes": {"SimpleFact": {"executed_lines": [], "summary": {"covered_lines": 0, "num_statements": 0, "percent_covered": 100.0, "percent_covered_display": "100", "missing_lines": 0, "excluded_lines": 0}, "missing_lines": [], "excluded_lines": []}, "SolveResponse": {"executed_lines": [], "summary": {"covered_lines": 0, "num_statements": 0, "percent_covered": 100.0, "percent_covered_display": "100", "missing_lines": 0, "excluded_lines": 0}, "missing_lines": [], "excluded_lines": []}, "": {"executed_lines": [], "summary": {"covered_lines": 0, "num_statements": 34, "percent_covered": 0.0, "percent_covered_display": "0", "missing_lines": 34, "excluded_lines": 0}, "missing_lines": [28, 30, 31, 33, 34, 36, 37, 44, 47, 49, 51, 53, 56, 57, 59, 61, 63, 65, 67, 72, 80, 84, 86, 101, 102, 103, 106, 107, 110, 119, 121, 122, 124, 126], "excluded_lines": []}}}, "services\\api_gateway\\idempotency.py": {"executed_lines": [8, 13, 15, 16, 17, 20, 21, 22, 23, 26, 27, 30, 31, 32, 45], "summary": {"covered_lines": 14, "num_statements": 27, "percent_covered": 51.851851851851855, "percent_covered_display": "52", "missing_lines": 13, "excluded_lines": 0}, "missing_lines": [33, 34, 35, 36, 37, 38, 39, 40, 41, 42, 46, 47, 48], "excluded_lines": [], "functions": {"get": {"executed_lines": [31, 32], "summary": {"covered_lines": 2, "num_statements": 12, "percent_covered": 16.666666666666668, "percent_covered_display": "17", "missing_lines": 10, "excluded_lines": 0}, "missing_lines": [33, 34, 35, 36, 37, 38, 39, 40, 41, 42], "excluded_lines": []}, "put": {"executed_lines": [], "summary": {"covered_lines": 0, "num_statements": 3, "percent_covered": 0.0, "percent_covered_display": "0", "missing_lines": 3, "excluded_lines": 0}, "missing_lines": [46, 47, 48], "excluded_lines": []}, "": {"executed_lines": [8, 13, 15, 16, 17, 20, 21, 22, 23, 26, 27, 30, 45], "summary": {"covered_lines": 12, "num_statements": 12, "percent_covered": 100.0, "percent_covered_display": "100", "missing_lines": 0, "excluded_lines": 0}, "missing_lines": [], "excluded_lines": []}}, "classes": {"IdemEntry": {"executed_lines": [], "summary": {"covered_lines": 0, "num_statements": 0, "percent_covered": 100.0, "percent_covered_display": "100", "missing_lines": 0, "excluded_lines": 0}, "missing_lines": [], "excluded_lines": []}, "": {"executed_lines": [8, 13, 15, 16, 17, 20, 21, 22, 23, 26, 27, 30, 31, 32, 45], "summary": {"covered_lines": 14, "num_statements": 27, "percent_covered": 51.851851851851855, "percent_covered_display": "52", "missing_lines": 13, "excluded_lines": 0}, "missing_lines": [33, 34, 35, 36, 37, 38, 39, 40, 41, 42, 46, 47, 48], "excluded_lines": []}}}, "services\\api_gateway\\limits.py": {"executed_lines": [17, 31, 33, 34, 35, 36, 38, 42, 44, 47, 48, 51, 60, 95, 107, 126, 135, 181, 207, 219, 230, 232, 235, 238, 239, 242, 245, 246, 249, 252, 255, 256, 258, 259, 261, 263, 266, 269, 272, 275, 276, 277, 280, 289, 293, 295, 296], "summary": {"covered_lines": 46, "num_statements": 111, "percent_covered": 41.44144144144144, "percent_covered_display": "41", "missing_lines": 65, "excluded_lines": 0}, "missing_lines": [54, 55, 56, 57, 64, 65, 68, 79, 80, 81, 82, 83, 84, 86, 88, 89, 90, 92, 98, 99, 100, 101, 102, 103, 104, 110, 111, 112, 113, 114, 115, 116, 117, 118, 119, 120, 121, 123, 130, 131, 132, 141, 142, 143, 144, 145, 147, 148, 149, 150, 151, 153, 154, 155, 156, 157, 158, 159, 163, 164, 165, 166, 167, 169, 253], "excluded_lines": [], "functions": {"_policy_path": {"executed_lines": [], "summary": {"covered_lines": 0, "num_statements": 4, "percent_covered": 0.0, "percent_covered_display": "0", "missing_lines": 4, "excluded_lines": 0}, "missing_lines": [54, 55, 56, 57], "excluded_lines": []}, "_load_policies": {"executed_lines": [], "summary": {"covered_lines": 0, "num_statements": 14, "percent_covered": 0.0, "percent_covered_display": "0", "missing_lines": 14, "excluded_lines": 0}, "missing_lines": [64, 65, 68, 79, 80, 81, 82, 83, 84, 86, 88, 89, 90, 92], "excluded_lines": []}, "get_tenant_tier": {"executed_lines": [], "summary": {"covered_lines": 0, "num_statements": 7, "percent_covered": 0.0, "percent_covered_display": "0", "missing_lines": 7, "excluded_lines": 0}, "missing_lines": [98, 99, 100, 101, 102, 103, 104], "excluded_lines": []}, "_default_budget_for": {"executed_lines": [], "summary": {"covered_lines": 0, "num_statements": 13, "percent_covered": 0.0, "percent_covered_display": "0", "missing_lines": 13, "excluded_lines": 0}, "missing_lines": [110, 111, 112, 113, 114, 115, 116, 117, 118, 119, 120, 121, 123], "excluded_lines": []}, "reload_policies": {"executed_lines": [], "summary": {"covered_lines": 0, "num_statements": 3, "percent_covered": 0.0, "percent_covered_display": "0", "missing_lines": 3, "excluded_lines": 0}, "missing_lines": [130, 131, 132], "excluded_lines": []}, "set_tenant_tier_policy": {"executed_lines": [], "summary": {"covered_lines": 0, "num_statements": 23, "percent_covered": 0.0, "percent_covered_display": "0", "missing_lines": 23, "excluded_lines": 0}, "missing_lines": [141, 142, 143, 144, 145, 147, 148, 149, 150, 151, 153, 154, 155, 156, 157, 158, 159, 163, 164, 165, 166, 167, 169], "excluded_lines": []}, "get_tenant_id": {"executed_lines": [230, 232], "summary": {"covered_lines": 2, "num_statements": 2, "percent_covered": 100.0, "percent_covered_display": "100", "missing_lines": 0, "excluded_lines": 0}, "missing_lines": [], "excluded_lines": []}, "set_tenant_quota": {"executed_lines": [238, 239], "summary": {"covered_lines": 2, "num_statements": 2, "percent_covered": 100.0, "percent_covered_display": "100", "missing_lines": 0, "excluded_lines": 0}, "missing_lines": [], "excluded_lines": []}, "get_tenant_balance": {"executed_lines": [245, 246], "summary": {"covered_lines": 2, "num_statements": 2, "percent_covered": 100.0, "percent_covered_display": "100", "missing_lines": 0, "excluded_lines": 0}, "missing_lines": [], "excluded_lines": []}, "_charge": {"executed_lines": [252, 255, 256, 258, 259, 261, 263], "summary": {"covered_lines": 7, "num_statements": 8, "percent_covered": 87.5, "percent_covered_display": "88", "missing_lines": 1, "excluded_lines": 0}, "missing_lines": [253], "excluded_lines": []}, "allocate_tenant_cost": {"executed_lines": [269], "summary": {"covered_lines": 1, "num_statements": 1, "percent_covered": 100.0, "percent_covered_display": "100", "missing_lines": 0, "excluded_lines": 0}, "missing_lines": [], "excluded_lines": []}, "refund_tenant_units": {"executed_lines": [275, 276, 277], "summary": {"covered_lines": 3, "num_statements": 3, "percent_covered": 100.0, "percent_covered_display": "100", "missing_lines": 0, "excluded_lines": 0}, "missing_lines": [], "excluded_lines": []}, "enforce_limits": {"executed_lines": [289, 293, 295, 296], "summary": {"covered_lines": 4, "num_statements": 4, "percent_covered": 100.0, "percent_covered_display": "100", "missing_lines": 0, "excluded_lines": 0}, "missing_lines": [], "excluded_lines": []}, "": {"executed_lines": [17, 31, 33, 34, 35, 36, 38, 42, 44, 47, 48, 51, 60, 95, 107, 126, 135, 181, 207, 219, 235, 242, 249, 266, 272, 280], "summary": {"covered_lines": 25, "num_statements": 25, "percent_covered": 100.0, "percent_covered_display": "100", "missing_lines": 0, "excluded_lines": 0}, "missing_lines": [], "excluded_lines": []}}, "classes": {"": {"executed_lines": [17, 31, 33, 34, 35, 36, 38, 42, 44, 47, 48, 51, 60, 95, 107, 126, 135, 181, 207, 219, 230, 232, 235, 238, 239, 242, 245, 246, 249, 252, 255, 256, 258, 259, 261, 263, 266, 269, 272, 275, 276, 277, 280, 289, 293, 295, 296], "summary": {"covered_lines": 46, "num_statements": 111, "percent_covered": 41.44144144144144, "percent_covered_display": "41", "missing_lines": 65, "excluded_lines": 0}, "missing_lines": [54, 55, 56, 57, 64, 65, 68, 79, 80, 81, 82, 83, 84, 86, 88, 89, 90, 92, 98, 99, 100, 101, 102, 103, 104, 110, 111, 112, 113, 114, 115, 116, 117, 118, 119, 120, 121, 123, 130, 131, 132, 141, 142, 143, 144, 145, 147, 148, 149, 150, 151, 153, 154, 155, 156, 157, 158, 159, 163, 164, 165, 166, 167, 169, 253], "excluded_lines": []}}}, "services\\api_gateway\\main.py": {"executed_lines": [18, 28, 30, 31, 32, 34, 35, 36, 37, 38, 40, 41, 42, 43, 44, 45, 46, 47, 48, 49, 50, 51, 52, 53, 54, 55, 56, 57, 58, 59, 60, 61, 62, 63, 64, 65, 66, 67, 68, 69, 70, 71, 72, 73, 74, 75, 76, 77, 78, 81, 82, 85, 86, 87, 94, 100, 102, 104, 106, 109, 110, 112, 114, 129, 130, 136, 138, 143, 144, 153, 155, 160, 171, 174, 177, 178, 182, 184, 187, 188, 193, 196, 197, 206, 217, 218, 219, 220, 221, 222, 223, 224, 225, 226, 229, 230, 231, 232, 233, 236, 237, 238, 241, 247, 248, 249, 250, 252, 253, 254, 257, 258, 259, 260, 262, 265, 274, 277, 279, 281, 287, 288, 289, 290, 297, 304, 305, 307, 318, 321, 325, 326, 327, 328, 329, 330, 331, 332, 333, 334, 335, 336, 337, 338, 339, 340, 341, 342, 343, 344, 345, 346, 347, 348, 349, 350, 351, 352, 353, 354, 355, 356, 357, 358, 359, 360, 361, 362, 363, 364, 365, 371, 372, 375, 378, 379, 394, 413, 414, 415, 417, 419, 421, 422, 428, 430, 431, 432, 433, 434, 435, 438, 440, 443, 445, 451], "summary": {"covered_lines": 191, "num_statements": 222, "percent_covered": 86.03603603603604, "percent_covered_display": "86", "missing_lines": 31, "excluded_lines": 4}, "missing_lines": [83, 84, 88, 89, 90, 131, 132, 189, 190, 198, 199, 200, 201, 227, 234, 235, 239, 240, 255, 256, 263, 264, 266, 267, 280, 315, 317, 388, 403, 447, 449], "excluded_lines": [129, 130, 187, 188], "functions": {"lifespan": {"executed_lines": [153, 155], "summary": {"covered_lines": 2, "num_statements": 2, "percent_covered": 100.0, "percent_covered_display": "100", "missing_lines": 0, "excluded_lines": 0}, "missing_lines": [], "excluded_lines": []}, "_serve_marketplace": {"executed_lines": [], "summary": {"covered_lines": 0, "num_statements": 4, "percent_covered": 0.0, "percent_covered_display": "0", "missing_lines": 4, "excluded_lines": 0}, "missing_lines": [198, 199, 200, 201], "excluded_lines": []}, "_i18n_language_negotiator": {"executed_lines": [219, 229, 230, 231, 232, 233, 236, 237, 238, 241], "summary": {"covered_lines": 10, "num_statements": 14, "percent_covered": 71.42857142857143, "percent_covered_display": "71", "missing_lines": 4, "excluded_lines": 0}, "missing_lines": [234, 235, 239, 240], "excluded_lines": []}, "_i18n_language_negotiator._pick_lang": {"executed_lines": [220, 221, 222, 223, 224, 225, 226], "summary": {"covered_lines": 7, "num_statements": 8, "percent_covered": 87.5, "percent_covered_display": "88", "missing_lines": 1, "excluded_lines": 0}, "missing_lines": [227], "excluded_lines": []}, "_correlation_headers": {"executed_lines": [249, 250, 252, 253, 254, 257, 258, 259, 260, 262, 265], "summary": {"covered_lines": 11, "num_statements": 17, "percent_covered": 64.70588235294117, "percent_covered_display": "65", "missing_lines": 6, "excluded_lines": 0}, "missing_lines": [255, 256, 263, 264, 266, 267], "excluded_lines": []}, "_cached_openapi": {"executed_lines": [279, 281, 287, 288, 289, 290, 297, 304, 305, 307, 318], "summary": {"covered_lines": 11, "num_statements": 14, "percent_covered": 78.57142857142857, "percent_covered_display": "79", "missing_lines": 3, "excluded_lines": 0}, "missing_lines": [280, 315, 317], "excluded_lines": []}, "health": {"executed_lines": [375], "summary": {"covered_lines": 1, "num_statements": 1, "percent_covered": 100.0, "percent_covered_display": "100", "missing_lines": 0, "excluded_lines": 0}, "missing_lines": [], "excluded_lines": []}, "root_redirect": {"executed_lines": [], "summary": {"covered_lines": 0, "num_statements": 1, "percent_covered": 0.0, "percent_covered_display": "0", "missing_lines": 1, "excluded_lines": 0}, "missing_lines": [388], "excluded_lines": []}, "_make_blob": {"executed_lines": [], "summary": {"covered_lines": 0, "num_statements": 1, "percent_covered": 0.0, "percent_covered_display": "0", "missing_lines": 1, "excluded_lines": 0}, "missing_lines": [403], "excluded_lines": []}, "_metrics_timing": {"executed_lines": [415, 417, 419, 421, 422, 428, 430, 431, 432, 433, 434, 435, 438, 440, 443, 445, 451], "summary": {"covered_lines": 17, "num_statements": 19, "percent_covered": 89.47368421052632, "percent_covered_display": "89", "missing_lines": 2, "excluded_lines": 0}, "missing_lines": [447, 449], "excluded_lines": []}, "": {"executed_lines": [18, 28, 30, 31, 32, 34, 35, 36, 37, 38, 40, 41, 42, 43, 44, 45, 46, 47, 48, 49, 50, 51, 52, 53, 54, 55, 56, 57, 58, 59, 60, 61, 62, 63, 64, 65, 66, 67, 68, 69, 70, 71, 72, 73, 74, 75, 76, 77, 78, 81, 82, 85, 86, 87, 94, 100, 102, 104, 106, 109, 110, 112, 114, 129, 130, 136, 138, 143, 144, 160, 171, 174, 177, 178, 182, 184, 187, 188, 193, 196, 197, 206, 217, 218, 247, 248, 274, 277, 321, 325, 326, 327, 328, 329, 330, 331, 332, 333, 334, 335, 336, 337, 338, 339, 340, 341, 342, 343, 344, 345, 346, 347, 348, 349, 350, 351, 352, 353, 354, 355, 356, 357, 358, 359, 360, 361, 362, 363, 364, 365, 371, 372, 378, 379, 394, 413, 414], "summary": {"covered_lines": 132, "num_statements": 141, "percent_covered": 93.61702127659575, "percent_covered_display": "94", "missing_lines": 9, "excluded_lines": 4}, "missing_lines": [83, 84, 88, 89, 90, 131, 132, 189, 190], "excluded_lines": [129, 130, 187, 188]}}, "classes": {"": {"executed_lines": [18, 28, 30, 31, 32, 34, 35, 36, 37, 38, 40, 41, 42, 43, 44, 45, 46, 47, 48, 49, 50, 51, 52, 53, 54, 55, 56, 57, 58, 59, 60, 61, 62, 63, 64, 65, 66, 67, 68, 69, 70, 71, 72, 73, 74, 75, 76, 77, 78, 81, 82, 85, 86, 87, 94, 100, 102, 104, 106, 109, 110, 112, 114, 129, 130, 136, 138, 143, 144, 153, 155, 160, 171, 174, 177, 178, 182, 184, 187, 188, 193, 196, 197, 206, 217, 218, 219, 220, 221, 222, 223, 224, 225, 226, 229, 230, 231, 232, 233, 236, 237, 238, 241, 247, 248, 249, 250, 252, 253, 254, 257, 258, 259, 260, 262, 265, 274, 277, 279, 281, 287, 288, 289, 290, 297, 304, 305, 307, 318, 321, 325, 326, 327, 328, 329, 330, 331, 332, 333, 334, 335, 336, 337, 338, 339, 340, 341, 342, 343, 344, 345, 346, 347, 348, 349, 350, 351, 352, 353, 354, 355, 356, 357, 358, 359, 360, 361, 362, 363, 364, 365, 371, 372, 375, 378, 379, 394, 413, 414, 415, 417, 419, 421, 422, 428, 430, 431, 432, 433, 434, 435, 438, 440, 443, 445, 451], "summary": {"covered_lines": 191, "num_statements": 222, "percent_covered": 86.03603603603604, "percent_covered_display": "86", "missing_lines": 31, "excluded_lines": 4}, "missing_lines": [83, 84, 88, 89, 90, 131, 132, 189, 190, 198, 199, 200, 201, 227, 234, 235, 239, 240, 255, 256, 263, 264, 266, 267, 280, 315, 317, 388, 403, 447, 449], "excluded_lines": [129, 130, 187, 188]}}}, "services\\api_gateway\\pnip.py": {"executed_lines": [11, 21, 23, 24, 25, 27, 28, 29, 31, 38, 39, 40, 41, 42, 48, 51, 52, 53, 54, 55, 58, 59, 60, 63, 65, 66, 67, 68, 69, 70, 71, 74, 75, 77, 79, 81, 84, 85, 87, 88, 89, 90, 92, 93, 94, 99, 100, 107, 109, 110, 111, 117, 118, 119, 120, 121, 122, 124, 132, 133, 134, 135, 137, 138, 147, 149], "summary": {"covered_lines": 65, "num_statements": 74, "percent_covered": 87.83783783783784, "percent_covered_display": "88", "missing_lines": 9, "excluded_lines": 0}, "missing_lines": [56, 57, 73, 78, 80, 86, 91, 95, 96], "excluded_lines": [], "functions": {"_policy_pack_id": {"executed_lines": [51, 52, 53, 54, 55, 58, 59, 60], "summary": {"covered_lines": 8, "num_statements": 10, "percent_covered": 80.0, "percent_covered_display": "80", "missing_lines": 2, "excluded_lines": 0}, "missing_lines": [56, 57], "excluded_lines": []}, "_parse_jurisdiction": {"executed_lines": [65, 66, 67, 68, 69, 70, 71, 74, 75, 77, 79, 81], "summary": {"covered_lines": 12, "num_statements": 15, "percent_covered": 80.0, "percent_covered_display": "80", "missing_lines": 3, "excluded_lines": 0}, "missing_lines": [73, 78, 80], "excluded_lines": []}, "_validate_hash": {"executed_lines": [85, 87, 88, 89, 90, 92, 93, 94], "summary": {"covered_lines": 8, "num_statements": 12, "percent_covered": 66.66666666666667, "percent_covered_display": "67", "missing_lines": 4, "excluded_lines": 0}, "missing_lines": [86, 91, 95, 96], "excluded_lines": []}, "make_pco_error": {"executed_lines": [100], "summary": {"covered_lines": 1, "num_statements": 1, "percent_covered": 100.0, "percent_covered_display": "100", "missing_lines": 0, "excluded_lines": 0}, "missing_lines": [], "excluded_lines": []}, "validate_pnip_request": {"executed_lines": [109, 110, 111, 117, 118, 119, 120, 121, 122, 124, 132, 133, 134, 135, 137, 138, 147, 149], "summary": {"covered_lines": 18, "num_statements": 18, "percent_covered": 100.0, "percent_covered_display": "100", "missing_lines": 0, "excluded_lines": 0}, "missing_lines": [], "excluded_lines": []}, "": {"executed_lines": [11, 21, 23, 24, 25, 27, 28, 29, 31, 38, 39, 40, 41, 42, 48, 63, 84, 99, 107], "summary": {"covered_lines": 18, "num_statements": 18, "percent_covered": 100.0, "percent_covered_display": "100", "missing_lines": 0, "excluded_lines": 0}, "missing_lines": [], "excluded_lines": []}}, "classes": {"PNIP": {"executed_lines": [], "summary": {"covered_lines": 0, "num_statements": 0, "percent_covered": 100.0, "percent_covered_display": "100", "missing_lines": 0, "excluded_lines": 0}, "missing_lines": [], "excluded_lines": []}, "": {"executed_lines": [11, 21, 23, 24, 25, 27, 28, 29, 31, 38, 39, 40, 41, 42, 48, 51, 52, 53, 54, 55, 58, 59, 60, 63, 65, 66, 67, 68, 69, 70, 71, 74, 75, 77, 79, 81, 84, 85, 87, 88, 89, 90, 92, 93, 94, 99, 100, 107, 109, 110, 111, 117, 118, 119, 120, 121, 122, 124, 132, 133, 134, 135, 137, 138, 147, 149], "summary": {"covered_lines": 65, "num_statements": 74, "percent_covered": 87.83783783783784, "percent_covered_display": "88", "missing_lines": 9, "excluded_lines": 0}, "missing_lines": [56, 57, 73, 78, 80, 86, 91, 95, 96], "excluded_lines": []}}}, "services\\api_gateway\\rate_limit.py": {"executed_lines": [11, 16, 19, 20, 22, 23, 28, 29, 30, 31], "summary": {"covered_lines": 9, "num_statements": 29, "percent_covered": 31.03448275862069, "percent_covered_display": "31", "missing_lines": 20, "excluded_lines": 0}, "missing_lines": [32, 33, 34, 35, 36, 39, 41, 42, 43, 44, 45, 46, 48, 49, 50, 51, 52, 53, 54, 55], "excluded_lines": [], "functions": {"attach_rate_limit_middleware": {"executed_lines": [29, 30, 31], "summary": {"covered_lines": 3, "num_statements": 11, "percent_covered": 27.272727272727273, "percent_covered_display": "27", "missing_lines": 8, "excluded_lines": 0}, "missing_lines": [32, 33, 34, 35, 36, 39, 41, 42], "excluded_lines": []}, "attach_rate_limit_middleware._rate_limiter": {"executed_lines": [], "summary": {"covered_lines": 0, "num_statements": 12, "percent_covered": 0.0, "percent_covered_display": "0", "missing_lines": 12, "excluded_lines": 0}, "missing_lines": [43, 44, 45, 46, 48, 49, 50, 51, 52, 53, 54, 55], "excluded_lines": []}, "": {"executed_lines": [11, 16, 19, 20, 22, 23, 28], "summary": {"covered_lines": 6, "num_statements": 6, "percent_covered": 100.0, "percent_covered_display": "100", "missing_lines": 0, "excluded_lines": 0}, "missing_lines": [], "excluded_lines": []}}, "classes": {"": {"executed_lines": [11, 16, 19, 20, 22, 23, 28, 29, 30, 31], "summary": {"covered_lines": 9, "num_statements": 29, "percent_covered": 31.03448275862069, "percent_covered_display": "31", "missing_lines": 20, "excluded_lines": 0}, "missing_lines": [32, 33, 34, 35, 36, 39, 41, 42, 43, 44, 45, 46, 48, 49, 50, 51, 52, 53, 54, 55], "excluded_lines": []}}}, "services\\api_gateway\\routers\\__init__.py": {"executed_lines": [17], "summary": {"covered_lines": 0, "num_statements": 0, "percent_covered": 100.0, "percent_covered_display": "100", "missing_lines": 0, "excluded_lines": 0}, "missing_lines": [], "excluded_lines": [], "functions": {"": {"executed_lines": [17], "summary": {"covered_lines": 0, "num_statements": 0, "percent_covered": 100.0, "percent_covered_display": "100", "missing_lines": 0, "excluded_lines": 0}, "missing_lines": [], "excluded_lines": []}}, "classes": {"": {"executed_lines": [17], "summary": {"covered_lines": 0, "num_statements": 0, "percent_covered": 100.0, "percent_covered_display": "100", "missing_lines": 0, "excluded_lines": 0}, "missing_lines": [], "excluded_lines": []}}}, "services\\api_gateway\\routers\\billing.py": {"executed_lines": [12, 19, 21, 22, 23, 24, 25, 27, 28, 32, 35, 36, 37, 38, 42, 43, 44, 45, 46, 47, 52, 53, 54, 55, 61, 62, 63, 64, 67, 68, 69, 70, 71, 72, 75, 76, 77, 80, 81, 82, 83, 88, 91, 92, 93, 95, 96, 97, 98, 106, 107, 108, 109, 114, 115, 118, 121, 122, 123, 125, 126, 127, 128, 130, 136, 137, 138, 139, 140, 141, 142, 147, 149, 150, 151, 152, 157, 164, 169, 170, 172, 173, 174, 175, 177, 184, 185, 186, 189, 190, 192, 197, 198, 202, 205, 206, 207, 209, 210, 213, 214, 215, 221, 222, 223, 226, 227, 228, 234, 235, 241, 242, 243, 248, 255, 256, 257, 263, 264, 265, 266, 271, 274, 275, 276, 279, 281, 282, 283, 284, 285, 286, 287, 288, 304, 306, 307, 308, 309, 310, 313, 314, 315, 318, 319, 320, 322, 323, 324, 325, 328, 329, 330, 332, 333, 334, 335, 336, 339, 340, 341, 343, 344, 345, 348, 351, 352, 353, 354, 357, 358, 359, 362, 363, 364, 365, 366, 367, 368, 369, 370, 374, 377, 378, 379, 381, 382, 385, 386, 387, 388, 391], "summary": {"covered_lines": 191, "num_statements": 216, "percent_covered": 88.42592592592592, "percent_covered_display": "88", "missing_lines": 25, "excluded_lines": 0}, "missing_lines": [39, 48, 49, 116, 117, 129, 131, 153, 154, 155, 156, 176, 236, 289, 290, 292, 300, 301, 346, 347, 373, 383, 384, 389, 390], "excluded_lines": [], "functions": {"_state_file": {"executed_lines": [36, 37, 38], "summary": {"covered_lines": 3, "num_statements": 4, "percent_covered": 75.0, "percent_covered_display": "75", "missing_lines": 1, "excluded_lines": 0}, "missing_lines": [39], "excluded_lines": []}, "_load_state": {"executed_lines": [43, 44, 45, 46, 47], "summary": {"covered_lines": 5, "num_statements": 7, "percent_covered": 71.42857142857143, "percent_covered_display": "71", "missing_lines": 2, "excluded_lines": 0}, "missing_lines": [48, 49], "excluded_lines": []}, "_save_state": {"executed_lines": [53, 54, 55], "summary": {"covered_lines": 3, "num_statements": 3, "percent_covered": 100.0, "percent_covered_display": "100", "missing_lines": 0, "excluded_lines": 0}, "missing_lines": [], "excluded_lines": []}, "request_tokens": {"executed_lines": [93, 95, 96, 97, 98, 106, 107, 108, 109, 114, 115, 118], "summary": {"covered_lines": 12, "num_statements": 14, "percent_covered": 85.71428571428571, "percent_covered_display": "86", "missing_lines": 2, "excluded_lines": 0}, "missing_lines": [116, 117], "excluded_lines": []}, "allocate_tokens": {"executed_lines": [123, 125, 126, 127, 128, 130, 136, 137, 138, 139, 140, 141, 142, 147, 149, 150, 151, 152, 157], "summary": {"covered_lines": 19, "num_statements": 25, "percent_covered": 76.0, "percent_covered_display": "76", "missing_lines": 6, "excluded_lines": 0}, "missing_lines": [129, 131, 153, 154, 155, 156], "excluded_lines": []}, "get_request_status": {"executed_lines": [170, 172, 173, 174, 175, 177], "summary": {"covered_lines": 6, "num_statements": 7, "percent_covered": 85.71428571428571, "percent_covered_display": "86", "missing_lines": 1, "excluded_lines": 0}, "missing_lines": [176], "excluded_lines": []}, "quota": {"executed_lines": [207, 209, 210], "summary": {"covered_lines": 3, "num_statements": 3, "percent_covered": 100.0, "percent_covered_display": "100", "missing_lines": 0, "excluded_lines": 0}, "missing_lines": [], "excluded_lines": []}, "set_quota_api": {"executed_lines": [215, 221, 222, 223], "summary": {"covered_lines": 4, "num_statements": 4, "percent_covered": 100.0, "percent_covered_display": "100", "missing_lines": 0, "excluded_lines": 0}, "missing_lines": [], "excluded_lines": []}, "allocate": {"executed_lines": [228, 234, 235, 241, 242, 243, 248], "summary": {"covered_lines": 7, "num_statements": 8, "percent_covered": 87.5, "percent_covered_display": "88", "missing_lines": 1, "excluded_lines": 0}, "missing_lines": [236], "excluded_lines": []}, "refund": {"executed_lines": [257, 263, 264, 265, 266], "summary": {"covered_lines": 5, "num_statements": 5, "percent_covered": 100.0, "percent_covered_display": "100", "missing_lines": 0, "excluded_lines": 0}, "missing_lines": [], "excluded_lines": []}, "_policy_file_path": {"executed_lines": [275, 276], "summary": {"covered_lines": 2, "num_statements": 2, "percent_covered": 100.0, "percent_covered_display": "100", "missing_lines": 0, "excluded_lines": 0}, "missing_lines": [], "excluded_lines": []}, "_load_policy": {"executed_lines": [281, 282, 283, 284, 285, 286, 287, 288], "summary": {"covered_lines": 8, "num_statements": 13, "percent_covered": 61.53846153846154, "percent_covered_display": "62", "missing_lines": 5, "excluded_lines": 0}, "missing_lines": [289, 290, 292, 300, 301], "excluded_lines": []}, "_save_policy": {"executed_lines": [306, 307, 308, 309, 310], "summary": {"covered_lines": 5, "num_statements": 5, "percent_covered": 100.0, "percent_covered_display": "100", "missing_lines": 0, "excluded_lines": 0}, "missing_lines": [], "excluded_lines": []}, "get_policies": {"executed_lines": [315], "summary": {"covered_lines": 1, "num_statements": 1, "percent_covered": 100.0, "percent_covered_display": "100", "missing_lines": 0, "excluded_lines": 0}, "missing_lines": [], "excluded_lines": []}, "tenant_tier": {"executed_lines": [320, 322, 323, 324, 325], "summary": {"covered_lines": 5, "num_statements": 5, "percent_covered": 100.0, "percent_covered_display": "100", "missing_lines": 0, "excluded_lines": 0}, "missing_lines": [], "excluded_lines": []}, "estimate": {"executed_lines": [330, 332, 333, 334, 335, 336], "summary": {"covered_lines": 6, "num_statements": 6, "percent_covered": 100.0, "percent_covered_display": "100", "missing_lines": 0, "excluded_lines": 0}, "missing_lines": [], "excluded_lines": []}, "recommendation": {"executed_lines": [341, 343, 344, 345, 348], "summary": {"covered_lines": 5, "num_statements": 7, "percent_covered": 71.42857142857143, "percent_covered_display": "71", "missing_lines": 2, "excluded_lines": 0}, "missing_lines": [346, 347], "excluded_lines": []}, "_require_admin": {"executed_lines": [358, 359], "summary": {"covered_lines": 2, "num_statements": 2, "percent_covered": 100.0, "percent_covered_display": "100", "missing_lines": 0, "excluded_lines": 0}, "missing_lines": [], "excluded_lines": []}, "admin_set_tier": {"executed_lines": [364, 365, 366, 367, 368, 369, 370, 374], "summary": {"covered_lines": 8, "num_statements": 9, "percent_covered": 88.88888888888889, "percent_covered_display": "89", "missing_lines": 1, "excluded_lines": 0}, "missing_lines": [373], "excluded_lines": []}, "admin_reload": {"executed_lines": [379, 381, 382, 385, 386, 387, 388, 391], "summary": {"covered_lines": 8, "num_statements": 12, "percent_covered": 66.66666666666667, "percent_covered_display": "67", "missing_lines": 4, "excluded_lines": 0}, "missing_lines": [383, 384, 389, 390], "excluded_lines": []}, "": {"executed_lines": [12, 19, 21, 22, 23, 24, 25, 27, 28, 32, 35, 42, 52, 61, 62, 63, 64, 67, 68, 69, 70, 71, 72, 75, 76, 77, 80, 81, 82, 83, 88, 91, 92, 121, 122, 164, 169, 184, 185, 186, 189, 190, 192, 197, 198, 202, 205, 206, 213, 214, 226, 227, 255, 256, 271, 274, 279, 304, 313, 314, 318, 319, 328, 329, 339, 340, 351, 352, 353, 354, 357, 362, 363, 377, 378], "summary": {"covered_lines": 74, "num_statements": 74, "percent_covered": 100.0, "percent_covered_display": "100", "missing_lines": 0, "excluded_lines": 0}, "missing_lines": [], "excluded_lines": []}}, "classes": {"TokenRequestIn": {"executed_lines": [], "summary": {"covered_lines": 0, "num_statements": 0, "percent_covered": 100.0, "percent_covered_display": "100", "missing_lines": 0, "excluded_lines": 0}, "missing_lines": [], "excluded_lines": []}, "TokenRequestOut": {"executed_lines": [], "summary": {"covered_lines": 0, "num_statements": 0, "percent_covered": 100.0, "percent_covered_display": "100", "missing_lines": 0, "excluded_lines": 0}, "missing_lines": [], "excluded_lines": []}, "TokenAllocateIn": {"executed_lines": [], "summary": {"covered_lines": 0, "num_statements": 0, "percent_covered": 100.0, "percent_covered_display": "100", "missing_lines": 0, "excluded_lines": 0}, "missing_lines": [], "excluded_lines": []}, "TokenStatusOut": {"executed_lines": [], "summary": {"covered_lines": 0, "num_statements": 0, "percent_covered": 100.0, "percent_covered_display": "100", "missing_lines": 0, "excluded_lines": 0}, "missing_lines": [], "excluded_lines": []}, "QuotaRequest": {"executed_lines": [], "summary": {"covered_lines": 0, "num_statements": 0, "percent_covered": 100.0, "percent_covered_display": "100", "missing_lines": 0, "excluded_lines": 0}, "missing_lines": [], "excluded_lines": []}, "AllocateRequest": {"executed_lines": [], "summary": {"covered_lines": 0, "num_statements": 0, "percent_covered": 100.0, "percent_covered_display": "100", "missing_lines": 0, "excluded_lines": 0}, "missing_lines": [], "excluded_lines": []}, "RefundRequest": {"executed_lines": [], "summary": {"covered_lines": 0, "num_statements": 0, "percent_covered": 100.0, "percent_covered_display": "100", "missing_lines": 0, "excluded_lines": 0}, "missing_lines": [], "excluded_lines": []}, "SetTierIn": {"executed_lines": [], "summary": {"covered_lines": 0, "num_statements": 0, "percent_covered": 100.0, "percent_covered_display": "100", "missing_lines": 0, "excluded_lines": 0}, "missing_lines": [], "excluded_lines": []}, "": {"executed_lines": [12, 19, 21, 22, 23, 24, 25, 27, 28, 32, 35, 36, 37, 38, 42, 43, 44, 45, 46, 47, 52, 53, 54, 55, 61, 62, 63, 64, 67, 68, 69, 70, 71, 72, 75, 76, 77, 80, 81, 82, 83, 88, 91, 92, 93, 95, 96, 97, 98, 106, 107, 108, 109, 114, 115, 118, 121, 122, 123, 125, 126, 127, 128, 130, 136, 137, 138, 139, 140, 141, 142, 147, 149, 150, 151, 152, 157, 164, 169, 170, 172, 173, 174, 175, 177, 184, 185, 186, 189, 190, 192, 197, 198, 202, 205, 206, 207, 209, 210, 213, 214, 215, 221, 222, 223, 226, 227, 228, 234, 235, 241, 242, 243, 248, 255, 256, 257, 263, 264, 265, 266, 271, 274, 275, 276, 279, 281, 282, 283, 284, 285, 286, 287, 288, 304, 306, 307, 308, 309, 310, 313, 314, 315, 318, 319, 320, 322, 323, 324, 325, 328, 329, 330, 332, 333, 334, 335, 336, 339, 340, 341, 343, 344, 345, 348, 351, 352, 353, 354, 357, 358, 359, 362, 363, 364, 365, 366, 367, 368, 369, 370, 374, 377, 378, 379, 381, 382, 385, 386, 387, 388, 391], "summary": {"covered_lines": 191, "num_statements": 216, "percent_covered": 88.42592592592592, "percent_covered_display": "88", "missing_lines": 25, "excluded_lines": 0}, "missing_lines": [39, 48, 49, 116, 117, 129, 131, 153, 154, 155, 156, 176, 236, 289, 290, 292, 300, 301, 346, 347, 373, 383, 384, 389, 390], "excluded_lines": []}}}, "services\\api_gateway\\routers\\billing_api.py": {"executed_lines": [12, 20, 22, 23, 25, 37, 38, 40, 45, 46, 51, 54, 55, 61, 62, 69, 70], "summary": {"covered_lines": 16, "num_statements": 26, "percent_covered": 61.53846153846154, "percent_covered_display": "62", "missing_lines": 10, "excluded_lines": 0}, "missing_lines": [56, 57, 58, 63, 64, 65, 66, 71, 72, 73], "excluded_lines": [], "functions": {"get_quota": {"executed_lines": [], "summary": {"covered_lines": 0, "num_statements": 3, "percent_covered": 0.0, "percent_covered_display": "0", "missing_lines": 3, "excluded_lines": 0}, "missing_lines": [56, 57, 58], "excluded_lines": []}, "allocate": {"executed_lines": [], "summary": {"covered_lines": 0, "num_statements": 4, "percent_covered": 0.0, "percent_covered_display": "0", "missing_lines": 4, "excluded_lines": 0}, "missing_lines": [63, 64, 65, 66], "excluded_lines": []}, "refund": {"executed_lines": [], "summary": {"covered_lines": 0, "num_statements": 3, "percent_covered": 0.0, "percent_covered_display": "0", "missing_lines": 3, "excluded_lines": 0}, "missing_lines": [71, 72, 73], "excluded_lines": []}, "": {"executed_lines": [12, 20, 22, 23, 25, 37, 38, 40, 45, 46, 51, 54, 55, 61, 62, 69, 70], "summary": {"covered_lines": 16, "num_statements": 16, "percent_covered": 100.0, "percent_covered_display": "100", "missing_lines": 0, "excluded_lines": 0}, "missing_lines": [], "excluded_lines": []}}, "classes": {"AllocateIn": {"executed_lines": [], "summary": {"covered_lines": 0, "num_statements": 0, "percent_covered": 100.0, "percent_covered_display": "100", "missing_lines": 0, "excluded_lines": 0}, "missing_lines": [], "excluded_lines": []}, "RefundIn": {"executed_lines": [], "summary": {"covered_lines": 0, "num_statements": 0, "percent_covered": 100.0, "percent_covered_display": "100", "missing_lines": 0, "excluded_lines": 0}, "missing_lines": [], "excluded_lines": []}, "": {"executed_lines": [12, 20, 22, 23, 25, 37, 38, 40, 45, 46, 51, 54, 55, 61, 62, 69, 70], "summary": {"covered_lines": 16, "num_statements": 26, "percent_covered": 61.53846153846154, "percent_covered_display": "62", "missing_lines": 10, "excluded_lines": 0}, "missing_lines": [56, 57, 58, 63, 64, 65, 66, 71, 72, 73], "excluded_lines": []}}}, "services\\api_gateway\\routers\\billing_quota.py": {"executed_lines": [12, 24, 26, 27, 29, 38, 43, 44, 46, 51, 52, 58, 59, 64, 65, 72, 73], "summary": {"covered_lines": 16, "num_statements": 25, "percent_covered": 64.0, "percent_covered_display": "64", "missing_lines": 9, "excluded_lines": 0}, "missing_lines": [60, 61, 66, 67, 68, 69, 74, 75, 76], "excluded_lines": [], "functions": {"get_quota": {"executed_lines": [], "summary": {"covered_lines": 0, "num_statements": 2, "percent_covered": 0.0, "percent_covered_display": "0", "missing_lines": 2, "excluded_lines": 0}, "missing_lines": [60, 61], "excluded_lines": []}, "allocate": {"executed_lines": [], "summary": {"covered_lines": 0, "num_statements": 4, "percent_covered": 0.0, "percent_covered_display": "0", "missing_lines": 4, "excluded_lines": 0}, "missing_lines": [66, 67, 68, 69], "excluded_lines": []}, "refund": {"executed_lines": [], "summary": {"covered_lines": 0, "num_statements": 3, "percent_covered": 0.0, "percent_covered_display": "0", "missing_lines": 3, "excluded_lines": 0}, "missing_lines": [74, 75, 76], "excluded_lines": []}, "": {"executed_lines": [12, 24, 26, 27, 29, 38, 43, 44, 46, 51, 52, 58, 59, 64, 65, 72, 73], "summary": {"covered_lines": 16, "num_statements": 16, "percent_covered": 100.0, "percent_covered_display": "100", "missing_lines": 0, "excluded_lines": 0}, "missing_lines": [], "excluded_lines": []}}, "classes": {"AllocateRequest": {"executed_lines": [], "summary": {"covered_lines": 0, "num_statements": 0, "percent_covered": 100.0, "percent_covered_display": "100", "missing_lines": 0, "excluded_lines": 0}, "missing_lines": [], "excluded_lines": []}, "RefundRequest": {"executed_lines": [], "summary": {"covered_lines": 0, "num_statements": 0, "percent_covered": 100.0, "percent_covered_display": "100", "missing_lines": 0, "excluded_lines": 0}, "missing_lines": [], "excluded_lines": []}, "": {"executed_lines": [12, 24, 26, 27, 29, 38, 43, 44, 46, 51, 52, 58, 59, 64, 65, 72, 73], "summary": {"covered_lines": 16, "num_statements": 25, "percent_covered": 64.0, "percent_covered_display": "64", "missing_lines": 9, "excluded_lines": 0}, "missing_lines": [60, 61, 66, 67, 68, 69, 74, 75, 76], "excluded_lines": []}}}, "services\\api_gateway\\routers\\boundary.py": {"executed_lines": [11, 19, 21, 22, 23, 25, 27, 35, 38, 39, 42, 43, 44, 45, 48, 49, 51, 57, 58, 59, 60, 71, 72, 74, 75], "summary": {"covered_lines": 24, "num_statements": 28, "percent_covered": 85.71428571428571, "percent_covered_display": "86", "missing_lines": 4, "excluded_lines": 0}, "missing_lines": [61, 63, 76, 77], "excluded_lines": [], "functions": {"_bundle_dir": {"executed_lines": [39], "summary": {"covered_lines": 1, "num_statements": 1, "percent_covered": 100.0, "percent_covered_display": "100", "missing_lines": 0, "excluded_lines": 0}, "missing_lines": [], "excluded_lines": []}, "_status": {"executed_lines": [43, 44, 45], "summary": {"covered_lines": 3, "num_statements": 3, "percent_covered": 100.0, "percent_covered_display": "100", "missing_lines": 0, "excluded_lines": 0}, "missing_lines": [], "excluded_lines": []}, "_now_iso": {"executed_lines": [49, 51], "summary": {"covered_lines": 2, "num_statements": 2, "percent_covered": 100.0, "percent_covered_display": "100", "missing_lines": 0, "excluded_lines": 0}, "missing_lines": [], "excluded_lines": []}, "get_status": {"executed_lines": [59, 60], "summary": {"covered_lines": 2, "num_statements": 4, "percent_covered": 50.0, "percent_covered_display": "50", "missing_lines": 2, "excluded_lines": 0}, "missing_lines": [61, 63], "excluded_lines": []}, "reconstruct_now": {"executed_lines": [74, 75], "summary": {"covered_lines": 2, "num_statements": 4, "percent_covered": 50.0, "percent_covered_display": "50", "missing_lines": 2, "excluded_lines": 0}, "missing_lines": [76, 77], "excluded_lines": []}, "": {"executed_lines": [11, 19, 21, 22, 23, 25, 27, 35, 38, 42, 48, 57, 58, 71, 72], "summary": {"covered_lines": 14, "num_statements": 14, "percent_covered": 100.0, "percent_covered_display": "100", "missing_lines": 0, "excluded_lines": 0}, "missing_lines": [], "excluded_lines": []}}, "classes": {"": {"executed_lines": [11, 19, 21, 22, 23, 25, 27, 35, 38, 39, 42, 43, 44, 45, 48, 49, 51, 57, 58, 59, 60, 71, 72, 74, 75], "summary": {"covered_lines": 24, "num_statements": 28, "percent_covered": 85.71428571428571, "percent_covered_display": "86", "missing_lines": 4, "excluded_lines": 0}, "missing_lines": [61, 63, 76, 77], "excluded_lines": []}}}, "services\\api_gateway\\routers\\cfe.py": {"executed_lines": [19, 39, 41, 42, 44, 45, 47, 54, 55, 57, 59, 62, 63, 65, 67, 70, 71, 72, 73, 74, 77, 78, 80, 83, 84, 86, 88, 91, 92, 93, 110, 113, 114, 117, 118, 119, 122, 123, 129, 132, 133, 134, 135, 137, 138, 139, 140, 143, 144, 145, 148, 149, 150, 152, 156, 158, 161, 162, 167, 168, 173, 174, 175, 179, 182, 183, 184, 186, 189, 191, 192, 194, 195, 196, 197, 198, 200, 202, 204, 207, 208, 209, 214, 215, 220, 221, 222, 223, 227, 230, 231, 239, 241, 242, 243, 244, 247, 250, 251, 257, 258, 261, 262, 263, 264, 271, 274, 275, 278, 279, 280, 281, 284, 285, 286, 288, 289, 290, 291, 294, 297, 298, 299, 301, 302, 303, 304, 307, 310, 311, 312, 314, 315, 316, 317, 320, 323, 324, 331, 332, 334, 336, 339, 340, 341, 344], "summary": {"covered_lines": 145, "num_statements": 169, "percent_covered": 85.79881656804734, "percent_covered_display": "86", "missing_lines": 24, "excluded_lines": 0}, "missing_lines": [141, 142, 163, 164, 176, 177, 201, 210, 211, 224, 225, 245, 246, 259, 292, 293, 305, 306, 318, 319, 337, 338, 342, 343], "excluded_lines": [], "functions": {"curvature": {"executed_lines": [129, 132, 133, 134, 135, 137, 138, 139, 140, 143, 144, 145], "summary": {"covered_lines": 12, "num_statements": 14, "percent_covered": 85.71428571428571, "percent_covered_display": "86", "missing_lines": 2, "excluded_lines": 0}, "missing_lines": [141, 142], "excluded_lines": []}, "geodesic": {"executed_lines": [150, 152, 156, 158, 161, 162, 167, 168, 173, 174, 175, 179], "summary": {"covered_lines": 12, "num_statements": 16, "percent_covered": 75.0, "percent_covered_display": "75", "missing_lines": 4, "excluded_lines": 0}, "missing_lines": [163, 164, 176, 177], "excluded_lines": []}, "horizon": {"executed_lines": [184, 186, 189, 204, 207, 208, 209, 214, 215, 220, 221, 222, 223, 227], "summary": {"covered_lines": 14, "num_statements": 18, "percent_covered": 77.77777777777777, "percent_covered_display": "78", "missing_lines": 4, "excluded_lines": 0}, "missing_lines": [210, 211, 224, 225], "excluded_lines": []}, "horizon._should_lock": {"executed_lines": [191, 192, 194, 195, 196, 197, 198, 200, 202], "summary": {"covered_lines": 9, "num_statements": 10, "percent_covered": 90.0, "percent_covered_display": "90", "missing_lines": 1, "excluded_lines": 0}, "missing_lines": [201], "excluded_lines": []}, "lensing": {"executed_lines": [239, 241, 242, 243, 244, 247], "summary": {"covered_lines": 6, "num_statements": 8, "percent_covered": 75.0, "percent_covered_display": "75", "missing_lines": 2, "excluded_lines": 0}, "missing_lines": [245, 246], "excluded_lines": []}, "lensing_from_fin": {"executed_lines": [257, 258, 261, 262, 263, 264], "summary": {"covered_lines": 6, "num_statements": 7, "percent_covered": 85.71428571428571, "percent_covered_display": "86", "missing_lines": 1, "excluded_lines": 0}, "missing_lines": [259], "excluded_lines": []}, "case_lock": {"executed_lines": [286, 288, 289, 290, 291, 294], "summary": {"covered_lines": 6, "num_statements": 8, "percent_covered": 75.0, "percent_covered_display": "75", "missing_lines": 2, "excluded_lines": 0}, "missing_lines": [292, 293], "excluded_lines": []}, "case_recall": {"executed_lines": [299, 301, 302, 303, 304, 307], "summary": {"covered_lines": 6, "num_statements": 8, "percent_covered": 75.0, "percent_covered_display": "75", "missing_lines": 2, "excluded_lines": 0}, "missing_lines": [305, 306], "excluded_lines": []}, "case_revoke": {"executed_lines": [312, 314, 315, 316, 317, 320], "summary": {"covered_lines": 6, "num_statements": 8, "percent_covered": 75.0, "percent_covered_display": "75", "missing_lines": 2, "excluded_lines": 0}, "missing_lines": [318, 319], "excluded_lines": []}, "cache_warm": {"executed_lines": [331, 332, 334, 336, 339, 340, 341, 344], "summary": {"covered_lines": 8, "num_statements": 12, "percent_covered": 66.66666666666667, "percent_covered_display": "67", "missing_lines": 4, "excluded_lines": 0}, "missing_lines": [337, 338, 342, 343], "excluded_lines": []}, "": {"executed_lines": [19, 39, 41, 42, 44, 45, 47, 54, 55, 57, 59, 62, 63, 65, 67, 70, 71, 72, 73, 74, 77, 78, 80, 83, 84, 86, 88, 91, 92, 93, 110, 113, 114, 117, 118, 119, 122, 123, 148, 149, 182, 183, 230, 231, 250, 251, 271, 274, 275, 278, 279, 280, 281, 284, 285, 297, 298, 310, 311, 323, 324], "summary": {"covered_lines": 60, "num_statements": 60, "percent_covered": 100.0, "percent_covered_display": "100", "missing_lines": 0, "excluded_lines": 0}, "missing_lines": [], "excluded_lines": []}}, "classes": {"GeodesicRequest": {"executed_lines": [], "summary": {"covered_lines": 0, "num_statements": 0, "percent_covered": 100.0, "percent_covered_display": "100", "missing_lines": 0, "excluded_lines": 0}, "missing_lines": [], "excluded_lines": []}, "GeodesicResponse": {"executed_lines": [], "summary": {"covered_lines": 0, "num_statements": 0, "percent_covered": 100.0, "percent_covered_display": "100", "missing_lines": 0, "excluded_lines": 0}, "missing_lines": [], "excluded_lines": []}, "HorizonRequest": {"executed_lines": [], "summary": {"covered_lines": 0, "num_statements": 0, "percent_covered": 100.0, "percent_covered_display": "100", "missing_lines": 0, "excluded_lines": 0}, "missing_lines": [], "excluded_lines": []}, "HorizonResponse": {"executed_lines": [], "summary": {"covered_lines": 0, "num_statements": 0, "percent_covered": 100.0, "percent_covered_display": "100", "missing_lines": 0, "excluded_lines": 0}, "missing_lines": [], "excluded_lines": []}, "LensingResponse": {"executed_lines": [], "summary": {"covered_lines": 0, "num_statements": 0, "percent_covered": 100.0, "percent_covered_display": "100", "missing_lines": 0, "excluded_lines": 0}, "missing_lines": [], "excluded_lines": []}, "LensingFromFinRequest": {"executed_lines": [], "summary": {"covered_lines": 0, "num_statements": 0, "percent_covered": 100.0, "percent_covered_display": "100", "missing_lines": 0, "excluded_lines": 0}, "missing_lines": [], "excluded_lines": []}, "CurvatureResponse": {"executed_lines": [], "summary": {"covered_lines": 0, "num_statements": 0, "percent_covered": 100.0, "percent_covered_display": "100", "missing_lines": 0, "excluded_lines": 0}, "missing_lines": [], "excluded_lines": []}, "CaseActionIn": {"executed_lines": [], "summary": {"covered_lines": 0, "num_statements": 0, "percent_covered": 100.0, "percent_covered_display": "100", "missing_lines": 0, "excluded_lines": 0}, "missing_lines": [], "excluded_lines": []}, "CaseActionOut": {"executed_lines": [], "summary": {"covered_lines": 0, "num_statements": 0, "percent_covered": 100.0, "percent_covered_display": "100", "missing_lines": 0, "excluded_lines": 0}, "missing_lines": [], "excluded_lines": []}, "": {"executed_lines": [19, 39, 41, 42, 44, 45, 47, 54, 55, 57, 59, 62, 63, 65, 67, 70, 71, 72, 73, 74, 77, 78, 80, 83, 84, 86, 88, 91, 92, 93, 110, 113, 114, 117, 118, 119, 122, 123, 129, 132, 133, 134, 135, 137, 138, 139, 140, 143, 144, 145, 148, 149, 150, 152, 156, 158, 161, 162, 167, 168, 173, 174, 175, 179, 182, 183, 184, 186, 189, 191, 192, 194, 195, 196, 197, 198, 200, 202, 204, 207, 208, 209, 214, 215, 220, 221, 222, 223, 227, 230, 231, 239, 241, 242, 243, 244, 247, 250, 251, 257, 258, 261, 262, 263, 264, 271, 274, 275, 278, 279, 280, 281, 284, 285, 286, 288, 289, 290, 291, 294, 297, 298, 299, 301, 302, 303, 304, 307, 310, 311, 312, 314, 315, 316, 317, 320, 323, 324, 331, 332, 334, 336, 339, 340, 341, 344], "summary": {"covered_lines": 145, "num_statements": 169, "percent_covered": 85.79881656804734, "percent_covered_display": "86", "missing_lines": 24, "excluded_lines": 0}, "missing_lines": [141, 142, 163, 164, 176, 177, 201, 210, 211, 224, 225, 245, 246, 259, 292, 293, 305, 306, 318, 319, 337, 338, 342, 343], "excluded_lines": []}}}, "services\\api_gateway\\routers\\cfe_config.py": {"executed_lines": [10, 22, 24, 25, 26, 27, 28, 32, 40, 41, 43, 44, 45, 48, 49, 50, 51, 52, 53, 54, 57, 58, 59, 60, 61, 63, 66, 67, 68, 71, 74, 77, 78, 79, 80, 81, 82, 83, 84, 85, 86, 89, 90, 91, 92, 96, 99, 101, 102, 103, 106, 107, 108, 109, 110, 111, 112, 113, 114, 116, 117, 120, 121, 122, 123, 124, 125, 126, 127, 128, 129, 132, 137, 138, 139, 142, 143, 144, 145, 146, 147, 148, 149, 152, 153, 154, 155, 156, 157, 158, 159, 160, 163, 170, 171, 172, 174, 176, 177, 178, 181], "summary": {"covered_lines": 100, "num_statements": 114, "percent_covered": 87.71929824561404, "percent_covered_display": "88", "missing_lines": 14, "excluded_lines": 0}, "missing_lines": [62, 69, 70, 87, 88, 93, 94, 95, 104, 105, 115, 118, 119, 180], "excluded_lines": [], "functions": {"_config_path": {"executed_lines": [58, 59, 60, 61, 63], "summary": {"covered_lines": 5, "num_statements": 6, "percent_covered": 83.33333333333333, "percent_covered_display": "83", "missing_lines": 1, "excluded_lines": 0}, "missing_lines": [62], "excluded_lines": []}, "_clamp01": {"executed_lines": [67, 68, 71], "summary": {"covered_lines": 3, "num_statements": 5, "percent_covered": 60.0, "percent_covered_display": "60", "missing_lines": 2, "excluded_lines": 0}, "missing_lines": [69, 70], "excluded_lines": []}, "_parse_config": {"executed_lines": [77, 78, 79, 80, 81, 82, 83, 84, 85, 86, 89, 90, 91, 92, 96], "summary": {"covered_lines": 15, "num_statements": 20, "percent_covered": 75.0, "percent_covered_display": "75", "missing_lines": 5, "excluded_lines": 0}, "missing_lines": [87, 88, 93, 94, 95], "excluded_lines": []}, "_refresh_config_if_changed": {"executed_lines": [101, 102, 103, 106, 107, 108, 109, 110, 111, 112, 113, 114, 116, 117, 120, 121, 122, 123, 124, 125, 126, 127, 128, 129], "summary": {"covered_lines": 24, "num_statements": 29, "percent_covered": 82.75862068965517, "percent_covered_display": "83", "missing_lines": 5, "excluded_lines": 0}, "missing_lines": [104, 105, 115, 118, 119], "excluded_lines": []}, "_load_external_config": {"executed_lines": [137, 138, 139], "summary": {"covered_lines": 3, "num_statements": 3, "percent_covered": 100.0, "percent_covered_display": "100", "missing_lines": 0, "excluded_lines": 0}, "missing_lines": [], "excluded_lines": []}, "current_lensing_weights": {"executed_lines": [143, 144, 145, 146, 147, 148, 149], "summary": {"covered_lines": 7, "num_statements": 7, "percent_covered": 100.0, "percent_covered_display": "100", "missing_lines": 0, "excluded_lines": 0}, "missing_lines": [], "excluded_lines": []}, "current_lock_sets": {"executed_lines": [153, 154, 155, 156, 157, 158, 159, 160], "summary": {"covered_lines": 8, "num_statements": 8, "percent_covered": 100.0, "percent_covered_display": "100", "missing_lines": 0, "excluded_lines": 0}, "missing_lines": [], "excluded_lines": []}, "get_lensing_map": {"executed_lines": [170, 171, 172, 174, 176, 177, 178, 181], "summary": {"covered_lines": 8, "num_statements": 9, "percent_covered": 88.88888888888889, "percent_covered_display": "89", "missing_lines": 1, "excluded_lines": 0}, "missing_lines": [180], "excluded_lines": []}, "": {"executed_lines": [10, 22, 24, 25, 26, 27, 28, 32, 40, 41, 43, 44, 45, 48, 49, 50, 51, 52, 53, 54, 57, 66, 74, 99, 132, 142, 152, 163], "summary": {"covered_lines": 27, "num_statements": 27, "percent_covered": 100.0, "percent_covered_display": "100", "missing_lines": 0, "excluded_lines": 0}, "missing_lines": [], "excluded_lines": []}}, "classes": {"": {"executed_lines": [10, 22, 24, 25, 26, 27, 28, 32, 40, 41, 43, 44, 45, 48, 49, 50, 51, 52, 53, 54, 57, 58, 59, 60, 61, 63, 66, 67, 68, 71, 74, 77, 78, 79, 80, 81, 82, 83, 84, 85, 86, 89, 90, 91, 92, 96, 99, 101, 102, 103, 106, 107, 108, 109, 110, 111, 112, 113, 114, 116, 117, 120, 121, 122, 123, 124, 125, 126, 127, 128, 129, 132, 137, 138, 139, 142, 143, 144, 145, 146, 147, 148, 149, 152, 153, 154, 155, 156, 157, 158, 159, 160, 163, 170, 171, 172, 174, 176, 177, 178, 181], "summary": {"covered_lines": 100, "num_statements": 114, "percent_covered": 87.71929824561404, "percent_covered_display": "88", "missing_lines": 14, "excluded_lines": 0}, "missing_lines": [62, 69, 70, 87, 88, 93, 94, 95, 104, 105, 115, 118, 119, 180], "excluded_lines": []}}}, "services\\api_gateway\\routers\\chatops.py": {"executed_lines": [19, 29, 31, 32, 39, 40, 42, 44, 61, 64, 65], "summary": {"covered_lines": 10, "num_statements": 28, "percent_covered": 35.714285714285715, "percent_covered_display": "36", "missing_lines": 18, "excluded_lines": 2}, "missing_lines": [66, 68, 72, 74, 75, 77, 78, 79, 80, 81, 82, 84, 85, 94, 95, 100, 101, 106], "excluded_lines": [91, 92], "functions": {"command": {"executed_lines": [], "summary": {"covered_lines": 0, "num_statements": 18, "percent_covered": 0.0, "percent_covered_display": "0", "missing_lines": 18, "excluded_lines": 2}, "missing_lines": [66, 68, 72, 74, 75, 77, 78, 79, 80, 81, 82, 84, 85, 94, 95, 100, 101, 106], "excluded_lines": [91, 92]}, "": {"executed_lines": [19, 29, 31, 32, 39, 40, 42, 44, 61, 64, 65], "summary": {"covered_lines": 10, "num_statements": 10, "percent_covered": 100.0, "percent_covered_display": "100", "missing_lines": 0, "excluded_lines": 0}, "missing_lines": [], "excluded_lines": []}}, "classes": {"CommandRequest": {"executed_lines": [], "summary": {"covered_lines": 0, "num_statements": 0, "percent_covered": 100.0, "percent_covered_display": "100", "missing_lines": 0, "excluded_lines": 0}, "missing_lines": [], "excluded_lines": []}, "": {"executed_lines": [19, 29, 31, 32, 39, 40, 42, 44, 61, 64, 65], "summary": {"covered_lines": 10, "num_statements": 28, "percent_covered": 35.714285714285715, "percent_covered_display": "36", "missing_lines": 18, "excluded_lines": 2}, "missing_lines": [66, 68, 72, 74, 75, 77, 78, 79, 80, 81, 82, 84, 85, 94, 95, 100, 101, 106], "excluded_lines": [91, 92]}}}, "services\\api_gateway\\routers\\devices.py": {"executed_lines": [19, 29, 31, 32, 33, 34, 35, 37, 38, 40, 41, 43, 44, 53, 54, 56, 59, 60, 61, 62, 65, 66, 67, 68, 69, 70, 71, 74, 75, 76, 77, 80, 81, 83, 85, 88, 89, 91, 93, 96, 97, 99, 101, 103, 106, 107, 109, 111, 113, 116, 117, 119, 121, 123, 125, 142, 145, 146, 149, 150, 151, 152, 155, 156, 157, 158, 163, 164, 165, 166, 167, 168, 169, 171, 173, 174, 177, 178, 183, 184, 185, 193, 194, 195, 197, 198, 199, 207, 210, 211, 212, 213, 214, 215, 216, 217, 218, 220, 225, 227, 232, 237, 238, 239, 241, 242, 243, 244, 245, 246, 255, 257, 258, 260, 262, 263, 264, 265, 266, 268, 269, 277, 278, 279, 280, 281, 282, 284, 290, 291, 292, 293, 294, 295, 296, 297, 298, 299, 300, 301, 302, 304, 305, 310, 316, 317, 318, 320, 321, 322, 330, 333, 334, 335, 336, 337, 338, 339, 340, 341, 343, 348, 350, 351, 353, 356, 357, 358, 359, 360, 363, 364, 365, 366, 367, 368, 370, 374, 375, 376, 377, 378, 383, 384, 385, 386, 387, 388, 390, 396, 397, 398, 399, 402, 408, 409, 410, 412, 413, 414, 422, 425, 426, 427, 428, 429, 430, 431, 432, 433, 435, 440, 442, 443, 444, 447, 448, 449, 450, 451, 452, 453, 454, 455, 458, 459, 460, 461, 466, 467, 470, 476, 477, 478, 479, 480, 481, 483, 488, 494, 495, 496, 498, 499, 500, 508, 511, 512, 513, 514, 515, 516, 517, 518, 519, 521, 526, 528, 533, 534, 535, 536, 540, 545, 552, 553, 554, 555, 556, 557, 559, 564], "summary": {"covered_lines": 271, "num_statements": 350, "percent_covered": 77.42857142857143, "percent_covered_display": "77", "missing_lines": 79, "excluded_lines": 0}, "missing_lines": [159, 160, 175, 176, 179, 180, 186, 187, 200, 201, 202, 203, 204, 205, 221, 222, 223, 224, 285, 286, 287, 288, 306, 307, 308, 309, 323, 324, 325, 326, 327, 328, 344, 345, 346, 347, 361, 371, 372, 391, 392, 393, 394, 400, 401, 415, 416, 417, 418, 419, 420, 436, 437, 438, 439, 445, 446, 468, 469, 484, 485, 486, 487, 501, 502, 503, 504, 505, 506, 522, 523, 524, 525, 537, 538, 560, 561, 562, 563], "excluded_lines": [], "functions": {"_get_idemp_key": {"executed_lines": [150, 151, 152], "summary": {"covered_lines": 3, "num_statements": 3, "percent_covered": 100.0, "percent_covered_display": "100", "missing_lines": 0, "excluded_lines": 0}, "missing_lines": [], "excluded_lines": []}, "_ttl": {"executed_lines": [156, 157, 158], "summary": {"covered_lines": 3, "num_statements": 5, "percent_covered": 60.0, "percent_covered_display": "60", "missing_lines": 2, "excluded_lines": 0}, "missing_lines": [159, 160], "excluded_lines": []}, "_cache_get": {"executed_lines": [164, 165, 166, 167, 168, 169, 171, 173, 174, 177, 178], "summary": {"covered_lines": 11, "num_statements": 15, "percent_covered": 73.33333333333333, "percent_covered_display": "73", "missing_lines": 4, "excluded_lines": 0}, "missing_lines": [175, 176, 179, 180], "excluded_lines": []}, "_cache_set": {"executed_lines": [184, 185], "summary": {"covered_lines": 2, "num_statements": 4, "percent_covered": 50.0, "percent_covered_display": "50", "missing_lines": 2, "excluded_lines": 0}, "missing_lines": [186, 187], "excluded_lines": []}, "hde_plan": {"executed_lines": [195, 197, 198, 199, 207, 210, 211, 212, 213, 214, 215, 216, 217, 218, 220, 225, 227, 232, 237, 238, 239, 241, 242, 243, 244, 245, 246, 255, 257, 260, 262, 268, 269, 277, 278, 279, 280, 281, 282, 284, 290, 291, 292, 293, 294, 295, 296, 297, 298, 299, 300, 301, 302, 304, 305, 310], "summary": {"covered_lines": 56, "num_statements": 74, "percent_covered": 75.67567567567568, "percent_covered_display": "76", "missing_lines": 18, "excluded_lines": 0}, "missing_lines": [200, 201, 202, 203, 204, 205, 221, 222, 223, 224, 285, 286, 287, 288, 306, 307, 308, 309], "excluded_lines": []}, "hde_plan._estimate_horizon_from_kappa": {"executed_lines": [258], "summary": {"covered_lines": 1, "num_statements": 1, "percent_covered": 100.0, "percent_covered_display": "100", "missing_lines": 0, "excluded_lines": 0}, "missing_lines": [], "excluded_lines": []}, "hde_plan._score": {"executed_lines": [263, 264, 265, 266], "summary": {"covered_lines": 4, "num_statements": 4, "percent_covered": 100.0, "percent_covered_display": "100", "missing_lines": 0, "excluded_lines": 0}, "missing_lines": [], "excluded_lines": []}, "qoracle_expectation": {"executed_lines": [318, 320, 321, 322, 330, 333, 334, 335, 336, 337, 338, 339, 340, 341, 343, 348, 350, 351, 353, 356, 357, 358, 359, 360, 363, 364, 365, 366, 367, 368, 370, 374, 375, 376, 377, 378, 383, 384, 385, 386, 387, 388, 390, 396, 397, 398, 399, 402], "summary": {"covered_lines": 48, "num_statements": 67, "percent_covered": 71.64179104477611, "percent_covered_display": "72", "missing_lines": 19, "excluded_lines": 0}, "missing_lines": [323, 324, 325, 326, 327, 328, 344, 345, 346, 347, 361, 371, 372, 391, 392, 393, 394, 400, 401], "excluded_lines": []}, "entangle": {"executed_lines": [410, 412, 413, 414, 422, 425, 426, 427, 428, 429, 430, 431, 432, 433, 435, 440, 442, 443, 444, 447, 448, 449, 450, 451, 452, 453, 454, 455, 458, 459, 460, 461, 466, 467, 470, 476, 477, 478, 479, 480, 481, 483, 488], "summary": {"covered_lines": 43, "num_statements": 61, "percent_covered": 70.49180327868852, "percent_covered_display": "70", "missing_lines": 18, "excluded_lines": 0}, "missing_lines": [415, 416, 417, 418, 419, 420, 436, 437, 438, 439, 445, 446, 468, 469, 484, 485, 486, 487], "excluded_lines": []}, "chronosync_reconcile": {"executed_lines": [496, 498, 499, 500, 508, 511, 512, 513, 514, 515, 516, 517, 518, 519, 521, 526, 528, 533, 534, 535, 536, 540, 545, 552, 553, 554, 555, 556, 557, 559, 564], "summary": {"covered_lines": 31, "num_statements": 47, "percent_covered": 65.95744680851064, "percent_covered_display": "66", "missing_lines": 16, "excluded_lines": 0}, "missing_lines": [501, 502, 503, 504, 505, 506, 522, 523, 524, 525, 537, 538, 560, 561, 562, 563], "excluded_lines": []}, "": {"executed_lines": [19, 29, 31, 32, 33, 34, 35, 37, 38, 40, 41, 43, 44, 53, 54, 56, 59, 60, 61, 62, 65, 66, 67, 68, 69, 70, 71, 74, 75, 76, 77, 80, 81, 83, 85, 88, 89, 91, 93, 96, 97, 99, 101, 103, 106, 107, 109, 111, 113, 116, 117, 119, 121, 123, 125, 142, 145, 146, 149, 155, 163, 183, 193, 194, 316, 317, 408, 409, 494, 495], "summary": {"covered_lines": 69, "num_statements": 69, "percent_covered": 100.0, "percent_covered_display": "100", "missing_lines": 0, "excluded_lines": 0}, "missing_lines": [], "excluded_lines": []}}, "classes": {"HDEPlanRequest": {"executed_lines": [], "summary": {"covered_lines": 0, "num_statements": 0, "percent_covered": 100.0, "percent_covered_display": "100", "missing_lines": 0, "excluded_lines": 0}, "missing_lines": [], "excluded_lines": []}, "HDEPlanAlternative": {"executed_lines": [], "summary": {"covered_lines": 0, "num_statements": 0, "percent_covered": 100.0, "percent_covered_display": "100", "missing_lines": 0, "excluded_lines": 0}, "missing_lines": [], "excluded_lines": []}, "HDEPlanResponse": {"executed_lines": [], "summary": {"covered_lines": 0, "num_statements": 0, "percent_covered": 100.0, "percent_covered_display": "100", "missing_lines": 0, "excluded_lines": 0}, "missing_lines": [], "excluded_lines": []}, "QOracleRequest": {"executed_lines": [], "summary": {"covered_lines": 0, "num_statements": 0, "percent_covered": 100.0, "percent_covered_display": "100", "missing_lines": 0, "excluded_lines": 0}, "missing_lines": [], "excluded_lines": []}, "QOracleResponse": {"executed_lines": [], "summary": {"covered_lines": 0, "num_statements": 0, "percent_covered": 100.0, "percent_covered_display": "100", "missing_lines": 0, "excluded_lines": 0}, "missing_lines": [], "excluded_lines": []}, "EntangleRequest": {"executed_lines": [], "summary": {"covered_lines": 0, "num_statements": 0, "percent_covered": 100.0, "percent_covered_display": "100", "missing_lines": 0, "excluded_lines": 0}, "missing_lines": [], "excluded_lines": []}, "EntangleResponse": {"executed_lines": [], "summary": {"covered_lines": 0, "num_statements": 0, "percent_covered": 100.0, "percent_covered_display": "100", "missing_lines": 0, "excluded_lines": 0}, "missing_lines": [], "excluded_lines": []}, "ChronoSyncRequest": {"executed_lines": [], "summary": {"covered_lines": 0, "num_statements": 0, "percent_covered": 100.0, "percent_covered_display": "100", "missing_lines": 0, "excluded_lines": 0}, "missing_lines": [], "excluded_lines": []}, "ChronoSyncResponse": {"executed_lines": [], "summary": {"covered_lines": 0, "num_statements": 0, "percent_covered": 100.0, "percent_covered_display": "100", "missing_lines": 0, "excluded_lines": 0}, "missing_lines": [], "excluded_lines": []}, "": {"executed_lines": [19, 29, 31, 32, 33, 34, 35, 37, 38, 40, 41, 43, 44, 53, 54, 56, 59, 60, 61, 62, 65, 66, 67, 68, 69, 70, 71, 74, 75, 76, 77, 80, 81, 83, 85, 88, 89, 91, 93, 96, 97, 99, 101, 103, 106, 107, 109, 111, 113, 116, 117, 119, 121, 123, 125, 142, 145, 146, 149, 150, 151, 152, 155, 156, 157, 158, 163, 164, 165, 166, 167, 168, 169, 171, 173, 174, 177, 178, 183, 184, 185, 193, 194, 195, 197, 198, 199, 207, 210, 211, 212, 213, 214, 215, 216, 217, 218, 220, 225, 227, 232, 237, 238, 239, 241, 242, 243, 244, 245, 246, 255, 257, 258, 260, 262, 263, 264, 265, 266, 268, 269, 277, 278, 279, 280, 281, 282, 284, 290, 291, 292, 293, 294, 295, 296, 297, 298, 299, 300, 301, 302, 304, 305, 310, 316, 317, 318, 320, 321, 322, 330, 333, 334, 335, 336, 337, 338, 339, 340, 341, 343, 348, 350, 351, 353, 356, 357, 358, 359, 360, 363, 364, 365, 366, 367, 368, 370, 374, 375, 376, 377, 378, 383, 384, 385, 386, 387, 388, 390, 396, 397, 398, 399, 402, 408, 409, 410, 412, 413, 414, 422, 425, 426, 427, 428, 429, 430, 431, 432, 433, 435, 440, 442, 443, 444, 447, 448, 449, 450, 451, 452, 453, 454, 455, 458, 459, 460, 461, 466, 467, 470, 476, 477, 478, 479, 480, 481, 483, 488, 494, 495, 496, 498, 499, 500, 508, 511, 512, 513, 514, 515, 516, 517, 518, 519, 521, 526, 528, 533, 534, 535, 536, 540, 545, 552, 553, 554, 555, 556, 557, 559, 564], "summary": {"covered_lines": 271, "num_statements": 350, "percent_covered": 77.42857142857143, "percent_covered_display": "77", "missing_lines": 79, "excluded_lines": 0}, "missing_lines": [159, 160, 175, 176, 179, 180, 186, 187, 200, 201, 202, 203, 204, 205, 221, 222, 223, 224, 285, 286, 287, 288, 306, 307, 308, 309, 323, 324, 325, 326, 327, 328, 344, 345, 346, 347, 361, 371, 372, 391, 392, 393, 394, 400, 401, 415, 416, 417, 418, 419, 420, 436, 437, 438, 439, 445, 446, 468, 469, 484, 485, 486, 487, 501, 502, 503, 504, 505, 506, 522, 523, 524, 525, 537, 538, 560, 561, 562, 563], "excluded_lines": []}}}, "services\\api_gateway\\routers\\dr.py": {"executed_lines": [19, 29, 31, 32, 39, 40, 42, 45, 46, 48, 51, 52, 55, 56, 58, 61, 62, 63, 66, 67, 68, 71, 72, 75, 76, 77, 94, 97, 98, 106, 107, 115, 116, 128, 129], "summary": {"covered_lines": 34, "num_statements": 55, "percent_covered": 61.81818181818182, "percent_covered_display": "62", "missing_lines": 21, "excluded_lines": 0}, "missing_lines": [99, 101, 103, 108, 110, 112, 117, 119, 120, 121, 122, 123, 124, 125, 130, 132, 133, 134, 135, 136, 137], "excluded_lines": [], "functions": {"replay": {"executed_lines": [], "summary": {"covered_lines": 0, "num_statements": 3, "percent_covered": 0.0, "percent_covered_display": "0", "missing_lines": 3, "excluded_lines": 0}, "missing_lines": [99, 101, 103], "excluded_lines": []}, "recall": {"executed_lines": [], "summary": {"covered_lines": 0, "num_statements": 3, "percent_covered": 0.0, "percent_covered_display": "0", "missing_lines": 3, "excluded_lines": 0}, "missing_lines": [108, 110, 112], "excluded_lines": []}, "lock": {"executed_lines": [], "summary": {"covered_lines": 0, "num_statements": 8, "percent_covered": 0.0, "percent_covered_display": "0", "missing_lines": 8, "excluded_lines": 0}, "missing_lines": [117, 119, 120, 121, 122, 123, 124, 125], "excluded_lines": []}, "revoke": {"executed_lines": [], "summary": {"covered_lines": 0, "num_statements": 7, "percent_covered": 0.0, "percent_covered_display": "0", "missing_lines": 7, "excluded_lines": 0}, "missing_lines": [130, 132, 133, 134, 135, 136, 137], "excluded_lines": []}, "": {"executed_lines": [19, 29, 31, 32, 39, 40, 42, 45, 46, 48, 51, 52, 55, 56, 58, 61, 62, 63, 66, 67, 68, 71, 72, 75, 76, 77, 94, 97, 98, 106, 107, 115, 116, 128, 129], "summary": {"covered_lines": 34, "num_statements": 34, "percent_covered": 100.0, "percent_covered_display": "100", "missing_lines": 0, "excluded_lines": 0}, "missing_lines": [], "excluded_lines": []}}, "classes": {"ReplayRequest": {"executed_lines": [], "summary": {"covered_lines": 0, "num_statements": 0, "percent_covered": 100.0, "percent_covered_display": "100", "missing_lines": 0, "excluded_lines": 0}, "missing_lines": [], "excluded_lines": []}, "ReplayResponse": {"executed_lines": [], "summary": {"covered_lines": 0, "num_statements": 0, "percent_covered": 100.0, "percent_covered_display": "100", "missing_lines": 0, "excluded_lines": 0}, "missing_lines": [], "excluded_lines": []}, "RecallRequest": {"executed_lines": [], "summary": {"covered_lines": 0, "num_statements": 0, "percent_covered": 100.0, "percent_covered_display": "100", "missing_lines": 0, "excluded_lines": 0}, "missing_lines": [], "excluded_lines": []}, "RecallResponse": {"executed_lines": [], "summary": {"covered_lines": 0, "num_statements": 0, "percent_covered": 100.0, "percent_covered_display": "100", "missing_lines": 0, "excluded_lines": 0}, "missing_lines": [], "excluded_lines": []}, "LockRequest": {"executed_lines": [], "summary": {"covered_lines": 0, "num_statements": 0, "percent_covered": 100.0, "percent_covered_display": "100", "missing_lines": 0, "excluded_lines": 0}, "missing_lines": [], "excluded_lines": []}, "LockResponse": {"executed_lines": [], "summary": {"covered_lines": 0, "num_statements": 0, "percent_covered": 100.0, "percent_covered_display": "100", "missing_lines": 0, "excluded_lines": 0}, "missing_lines": [], "excluded_lines": []}, "RevokeRequest": {"executed_lines": [], "summary": {"covered_lines": 0, "num_statements": 0, "percent_covered": 100.0, "percent_covered_display": "100", "missing_lines": 0, "excluded_lines": 0}, "missing_lines": [], "excluded_lines": []}, "RevokeResponse": {"executed_lines": [], "summary": {"covered_lines": 0, "num_statements": 0, "percent_covered": 100.0, "percent_covered_display": "100", "missing_lines": 0, "excluded_lines": 0}, "missing_lines": [], "excluded_lines": []}, "": {"executed_lines": [19, 29, 31, 32, 39, 40, 42, 45, 46, 48, 51, 52, 55, 56, 58, 61, 62, 63, 66, 67, 68, 71, 72, 75, 76, 77, 94, 97, 98, 106, 107, 115, 116, 128, 129], "summary": {"covered_lines": 34, "num_statements": 55, "percent_covered": 61.81818181818182, "percent_covered_display": "62", "missing_lines": 21, "excluded_lines": 0}, "missing_lines": [99, 101, 103, 108, 110, 112, 117, 119, 120, 121, 122, 123, 124, 125, 130, 132, 133, 134, 135, 136, 137], "excluded_lines": []}}}, "services\\api_gateway\\routers\\ethics.py": {"executed_lines": [19, 29, 31, 32, 39, 40, 42, 45, 46, 48, 51, 52, 54, 56, 59, 60, 62, 79, 82, 83, 105, 106], "summary": {"covered_lines": 21, "num_statements": 33, "percent_covered": 63.63636363636363, "percent_covered_display": "64", "missing_lines": 12, "excluded_lines": 0}, "missing_lines": [84, 86, 90, 92, 94, 96, 98, 100, 102, 107, 109, 111], "excluded_lines": [], "functions": {"equity_meter": {"executed_lines": [], "summary": {"covered_lines": 0, "num_statements": 9, "percent_covered": 0.0, "percent_covered_display": "0", "missing_lines": 9, "excluded_lines": 0}, "missing_lines": [84, 86, 90, 92, 94, 96, 98, 100, 102], "excluded_lines": []}, "double_verdict": {"executed_lines": [], "summary": {"covered_lines": 0, "num_statements": 3, "percent_covered": 0.0, "percent_covered_display": "0", "missing_lines": 3, "excluded_lines": 0}, "missing_lines": [107, 109, 111], "excluded_lines": []}, "": {"executed_lines": [19, 29, 31, 32, 39, 40, 42, 45, 46, 48, 51, 52, 54, 56, 59, 60, 62, 79, 82, 83, 105, 106], "summary": {"covered_lines": 21, "num_statements": 21, "percent_covered": 100.0, "percent_covered_display": "100", "missing_lines": 0, "excluded_lines": 0}, "missing_lines": [], "excluded_lines": []}}, "classes": {"EquityMeterRequest": {"executed_lines": [], "summary": {"covered_lines": 0, "num_statements": 0, "percent_covered": 100.0, "percent_covered_display": "100", "missing_lines": 0, "excluded_lines": 0}, "missing_lines": [], "excluded_lines": []}, "EquityMeterResponse": {"executed_lines": [], "summary": {"covered_lines": 0, "num_statements": 0, "percent_covered": 100.0, "percent_covered_display": "100", "missing_lines": 0, "excluded_lines": 0}, "missing_lines": [], "excluded_lines": []}, "DoubleVerdictRequest": {"executed_lines": [], "summary": {"covered_lines": 0, "num_statements": 0, "percent_covered": 100.0, "percent_covered_display": "100", "missing_lines": 0, "excluded_lines": 0}, "missing_lines": [], "excluded_lines": []}, "DoubleVerdictResponse": {"executed_lines": [], "summary": {"covered_lines": 0, "num_statements": 0, "percent_covered": 100.0, "percent_covered_display": "100", "missing_lines": 0, "excluded_lines": 0}, "missing_lines": [], "excluded_lines": []}, "": {"executed_lines": [19, 29, 31, 32, 39, 40, 42, 45, 46, 48, 51, 52, 54, 56, 59, 60, 62, 79, 82, 83, 105, 106], "summary": {"covered_lines": 21, "num_statements": 33, "percent_covered": 63.63636363636363, "percent_covered_display": "64", "missing_lines": 12, "excluded_lines": 0}, "missing_lines": [84, 86, 90, 92, 94, 96, 98, 100, 102, 107, 109, 111], "excluded_lines": []}}}, "services\\api_gateway\\routers\\export.py": {"executed_lines": [18, 34, 36, 37, 38, 39, 40, 41, 42, 44, 45, 47, 52, 53, 55, 57, 62, 65, 66, 68, 70, 76, 77, 79, 80, 81, 83, 86, 87, 90, 93, 95, 97, 99, 102, 111, 114, 115, 117, 119, 121, 123, 125, 126, 131, 133, 135, 137, 139, 145, 146, 155, 157, 160, 162, 163, 164, 187, 188, 189, 190, 200, 207, 227, 228, 229, 230, 231, 235], "summary": {"covered_lines": 68, "num_statements": 98, "percent_covered": 69.38775510204081, "percent_covered_display": "69", "missing_lines": 30, "excluded_lines": 0}, "missing_lines": [98, 128, 129, 158, 165, 166, 167, 168, 172, 173, 174, 175, 179, 181, 183, 193, 194, 195, 196, 197, 198, 208, 209, 212, 220, 221, 222, 224, 232, 233], "excluded_lines": [], "functions": {"_hash_file_sha256": {"executed_lines": [77, 79, 80, 81, 83], "summary": {"covered_lines": 5, "num_statements": 5, "percent_covered": 100.0, "percent_covered_display": "100", "missing_lines": 0, "excluded_lines": 0}, "missing_lines": [], "excluded_lines": []}, "_now_iso_utc": {"executed_lines": [87], "summary": {"covered_lines": 1, "num_statements": 1, "percent_covered": 100.0, "percent_covered_display": "100", "missing_lines": 0, "excluded_lines": 0}, "missing_lines": [], "excluded_lines": []}, "_sanitize_case_id": {"executed_lines": [93, 95, 97, 99], "summary": {"covered_lines": 4, "num_statements": 5, "percent_covered": 80.0, "percent_covered_display": "80", "missing_lines": 1, "excluded_lines": 0}, "missing_lines": [98], "excluded_lines": []}, "_write_report": {"executed_lines": [111, 114, 115, 117, 119, 121, 123, 125, 126, 131, 133, 135, 137, 139], "summary": {"covered_lines": 14, "num_statements": 16, "percent_covered": 87.5, "percent_covered_display": "88", "missing_lines": 2, "excluded_lines": 0}, "missing_lines": [128, 129], "excluded_lines": []}, "export_endpoint": {"executed_lines": [155, 157, 160, 162, 163, 164, 187, 188, 189, 190, 200, 207, 227, 228, 229, 230, 231, 235], "summary": {"covered_lines": 18, "num_statements": 45, "percent_covered": 40.0, "percent_covered_display": "40", "missing_lines": 27, "excluded_lines": 0}, "missing_lines": [158, 165, 166, 167, 168, 172, 173, 174, 175, 179, 181, 183, 193, 194, 195, 196, 197, 198, 208, 209, 212, 220, 221, 222, 224, 232, 233], "excluded_lines": []}, "": {"executed_lines": [18, 34, 36, 37, 38, 39, 40, 41, 42, 44, 45, 47, 52, 53, 55, 57, 62, 65, 66, 68, 70, 76, 86, 90, 102, 145, 146], "summary": {"covered_lines": 26, "num_statements": 26, "percent_covered": 100.0, "percent_covered_display": "100", "missing_lines": 0, "excluded_lines": 0}, "missing_lines": [], "excluded_lines": []}}, "classes": {"ExportPayload": {"executed_lines": [], "summary": {"covered_lines": 0, "num_statements": 0, "percent_covered": 100.0, "percent_covered_display": "100", "missing_lines": 0, "excluded_lines": 0}, "missing_lines": [], "excluded_lines": []}, "ExportResponse": {"executed_lines": [], "summary": {"covered_lines": 0, "num_statements": 0, "percent_covered": 100.0, "percent_covered_display": "100", "missing_lines": 0, "excluded_lines": 0}, "missing_lines": [], "excluded_lines": []}, "": {"executed_lines": [18, 34, 36, 37, 38, 39, 40, 41, 42, 44, 45, 47, 52, 53, 55, 57, 62, 65, 66, 68, 70, 76, 77, 79, 80, 81, 83, 86, 87, 90, 93, 95, 97, 99, 102, 111, 114, 115, 117, 119, 121, 123, 125, 126, 131, 133, 135, 137, 139, 145, 146, 155, 157, 160, 162, 163, 164, 187, 188, 189, 190, 200, 207, 227, 228, 229, 230, 231, 235], "summary": {"covered_lines": 68, "num_statements": 98, "percent_covered": 69.38775510204081, "percent_covered_display": "69", "missing_lines": 30, "excluded_lines": 0}, "missing_lines": [98, 128, 129, 158, 165, 166, 167, 168, 172, 173, 174, 175, 179, 181, 183, 193, 194, 195, 196, 197, 198, 208, 209, 212, 220, 221, 222, 224, 232, 233], "excluded_lines": []}}}, "services\\api_gateway\\routers\\fin.py": {"executed_lines": [19, 29, 31, 32, 39, 40, 43, 44, 46, 48, 51, 52, 55, 56, 58, 64, 65, 66, 67, 68, 71, 72, 73, 74, 75, 76, 77, 78, 81, 82, 83, 100, 103, 107, 108, 109, 110, 111, 112, 115, 118, 119, 120, 122, 124, 125, 126, 127, 128, 129, 132, 135, 140, 141, 142, 143, 158, 160, 161, 162, 164, 169, 170, 172, 173, 176, 177, 179, 182, 183, 188, 189, 193, 199, 200, 203, 204, 205, 206, 209, 210, 232, 233, 234, 235, 236, 239, 240, 241, 244, 245, 248, 270, 271, 300, 301, 309, 310, 327, 328, 339, 340, 345, 347, 349, 350, 351, 354, 355, 356, 357, 358, 359, 365, 366, 367, 368, 370, 386, 387, 389, 394, 395, 398, 402, 413, 414, 415, 416, 417, 422, 425, 426, 427, 429, 430, 431, 432, 438, 439, 440, 443, 444, 445, 446, 449, 450, 451, 452, 453, 454, 457, 458, 459, 460, 461, 462, 463, 464, 467, 468, 469, 470, 471, 472, 475, 476, 477, 480, 481, 482, 483, 484, 485, 488, 489, 490, 492, 493, 494, 495, 496, 497, 498, 499, 500, 503, 504, 505, 507, 508, 509, 510, 511, 512, 513, 515, 520, 521, 522, 523, 527, 530, 531, 532, 534, 539, 540, 547, 548, 549, 561, 562, 564, 569, 580, 581, 582, 584, 585, 586, 587, 588, 597, 598, 599, 601, 602, 603, 604], "summary": {"covered_lines": 229, "num_statements": 331, "percent_covered": 69.18429003021149, "percent_covered_display": "69", "missing_lines": 102, "excluded_lines": 0}, "missing_lines": [165, 166, 174, 175, 180, 181, 190, 191, 211, 213, 214, 215, 216, 218, 219, 220, 221, 223, 224, 225, 226, 249, 250, 251, 252, 253, 255, 256, 257, 258, 259, 260, 261, 262, 263, 264, 265, 266, 267, 272, 274, 275, 276, 277, 278, 279, 280, 281, 283, 285, 286, 287, 288, 289, 290, 291, 292, 293, 294, 295, 296, 297, 302, 304, 306, 311, 313, 315, 316, 317, 318, 320, 321, 322, 323, 324, 330, 331, 333, 334, 335, 336, 361, 362, 392, 393, 399, 400, 418, 419, 420, 514, 516, 517, 525, 526, 535, 536, 545, 546, 567, 568], "excluded_lines": [], "functions": {"measure": {"executed_lines": [120, 122, 124, 125, 126, 127, 128, 129, 132, 135, 140, 141, 142, 143, 158, 160, 161, 162, 164, 169, 170, 172, 173, 176, 177, 179, 182, 183, 188, 189, 193], "summary": {"covered_lines": 31, "num_statements": 39, "percent_covered": 79.48717948717949, "percent_covered_display": "79", "missing_lines": 8, "excluded_lines": 0}, "missing_lines": [165, 166, 174, 175, 180, 181, 190, 191], "excluded_lines": []}, "operators_rs": {"executed_lines": [], "summary": {"covered_lines": 0, "num_statements": 13, "percent_covered": 0.0, "percent_covered_display": "0", "missing_lines": 13, "excluded_lines": 0}, "missing_lines": [211, 213, 214, 215, 216, 218, 219, 220, 221, 223, 224, 225, 226], "excluded_lines": []}, "_pearson_r": {"executed_lines": [], "summary": {"covered_lines": 0, "num_statements": 18, "percent_covered": 0.0, "percent_covered_display": "0", "missing_lines": 18, "excluded_lines": 0}, "missing_lines": [249, 250, 251, 252, 253, 255, 256, 257, 258, 259, 260, 261, 262, 263, 264, 265, 266, 267], "excluded_lines": []}, "entanglement_mi": {"executed_lines": [], "summary": {"covered_lines": 0, "num_statements": 23, "percent_covered": 0.0, "percent_covered_display": "0", "missing_lines": 23, "excluded_lines": 0}, "missing_lines": [272, 274, 275, 276, 277, 278, 279, 280, 281, 283, 285, 286, 287, 288, 289, 290, 291, 292, 293, 294, 295, 296, 297], "excluded_lines": []}, "uncertainty": {"executed_lines": [], "summary": {"covered_lines": 0, "num_statements": 3, "percent_covered": 0.0, "percent_covered_display": "0", "missing_lines": 3, "excluded_lines": 0}, "missing_lines": [302, 304, 306], "excluded_lines": []}, "entanglements": {"executed_lines": [], "summary": {"covered_lines": 0, "num_statements": 11, "percent_covered": 0.0, "percent_covered_display": "0", "missing_lines": 11, "excluded_lines": 0}, "missing_lines": [311, 313, 315, 316, 317, 318, 320, 321, 322, 323, 324], "excluded_lines": []}, "operators_commutator": {"executed_lines": [], "summary": {"covered_lines": 0, "num_statements": 6, "percent_covered": 0.0, "percent_covered_display": "0", "missing_lines": 6, "excluded_lines": 0}, "missing_lines": [330, 331, 333, 334, 335, 336], "excluded_lines": []}, "simulate": {"executed_lines": [345, 347, 349, 350, 351, 354, 355, 356, 357, 358, 359, 365, 366, 367, 368, 370, 386, 387, 389, 394, 395, 398, 402, 413, 414, 415, 416, 417, 422], "summary": {"covered_lines": 29, "num_statements": 38, "percent_covered": 76.3157894736842, "percent_covered_display": "76", "missing_lines": 9, "excluded_lines": 0}, "missing_lines": [361, 362, 392, 393, 399, 400, 418, 419, 420], "excluded_lines": []}, "pnl": {"executed_lines": [427, 429, 430, 431, 432], "summary": {"covered_lines": 5, "num_statements": 5, "percent_covered": 100.0, "percent_covered_display": "
[...]
": 0, "num_statements": 4, "percent_covered": 0.0, "percent_covered_display": "0", "missing_lines": 4, "excluded_lines": 0}, "missing_lines": [113, 114, 115, 117], "excluded_lines": []}, "QTMPService._add_type_b_component": {"executed_lines": [], "summary": {"covered_lines": 0, "num_statements": 7, "percent_covered": 0.0, "percent_covered_display": "0", "missing_lines": 7, "excluded_lines": 0}, "missing_lines": [127, 128, 129, 131, 133, 140, 142], "excluded_lines": []}, "QTMPService._store_measurement_in_ledger": {"executed_lines": [], "summary": {"covered_lines": 0, "num_statements": 6, "percent_covered": 0.0, "percent_covered_display": "0", "missing_lines": 6, "excluded_lines": 0}, "missing_lines": [154, 155, 157, 165, 167, 168], "excluded_lines": []}, "QTMPService.get_measurement": {"executed_lines": [], "summary": {"covered_lines": 0, "num_statements": 3, "percent_covered": 0.0, "percent_covered_display": "0", "missing_lines": 3, "excluded_lines": 0}, "missing_lines": [175, 176, 180], "excluded_lines": []}, "QTMPService.verify_measurement": {"executed_lines": [], "summary": {"covered_lines": 0, "num_statements": 33, "percent_covered": 0.0, "percent_covered_display": "0", "missing_lines": 33, "excluded_lines": 0}, "missing_lines": [190, 200, 201, 202, 203, 205, 208, 209, 211, 212, 213, 216, 217, 218, 221, 222, 223, 224, 226, 228, 229, 230, 231, 234, 237, 239, 240, 243, 244, 246, 247, 248, 250], "excluded_lines": []}, "QTMPService.convert_measurement_unit": {"executed_lines": [], "summary": {"covered_lines": 0, "num_statements": 9, "percent_covered": 0.0, "percent_covered_display": "0", "missing_lines": 9, "excluded_lines": 0}, "missing_lines": [255, 256, 257, 259, 261, 263, 266, 267, 269], "excluded_lines": []}, "QTMPService.batch_create_measurements": {"executed_lines": [], "summary": {"covered_lines": 0, "num_statements": 10, "percent_covered": 0.0, "percent_covered_display": "0", "missing_lines": 10, "excluded_lines": 0}, "missing_lines": [282, 284, 285, 286, 294, 303, 304, 305, 307, 310], "excluded_lines": []}, "QTMPService.get_measurement_statistics": {"executed_lines": [], "summary": {"covered_lines": 0, "num_statements": 11, "percent_covered": 0.0, "percent_covered_display": "0", "missing_lines": 11, "excluded_lines": 0}, "missing_lines": [315, 317, 318, 320, 322, 325, 326, 327, 328, 329, 331], "excluded_lines": []}, "": {"executed_lines": [], "summary": {"covered_lines": 0, "num_statements": 20, "percent_covered": 0.0, "percent_covered_display": "0", "missing_lines": 20, "excluded_lines": 0}, "missing_lines": [5, 6, 7, 8, 10, 11, 12, 13, 15, 18, 31, 35, 110, 124, 151, 171, 182, 252, 271, 312], "excluded_lines": []}}, "classes": {"QTMPService": {"executed_lines": [], "summary": {"covered_lines": 0, "num_statements": 104, "percent_covered": 0.0, "percent_covered_display": "0", "missing_lines": 104, "excluded_lines": 0}, "missing_lines": [32, 33, 57, 58, 61, 62, 63, 66, 68, 69, 70, 71, 72, 74, 77, 89, 101, 104, 105, 107, 108, 113, 114, 115, 117, 127, 128, 129, 131, 133, 140, 142, 154, 155, 157, 165, 167, 168, 175, 176, 180, 190, 200, 201, 202, 203, 205, 208, 209, 211, 212, 213, 216, 217, 218, 221, 222, 223, 224, 226, 228, 229, 230, 231, 234, 237, 239, 240, 243, 244, 246, 247, 248, 250, 255, 256, 257, 259, 261, 263, 266, 267, 269, 282, 284, 285, 286, 294, 303, 304, 305, 307, 310, 315, 317, 318, 320, 322, 325, 326, 327, 328, 329, 331], "excluded_lines": []}, "": {"executed_lines": [], "summary": {"covered_lines": 0, "num_statements": 20, "percent_covered": 0.0, "percent_covered_display": "0", "missing_lines": 20, "excluded_lines": 0}, "missing_lines": [5, 6, 7, 8, 10, 11, 12, 13, 15, 18, 31, 35, 110, 124, 151, 171, 182, 252, 271, 312], "excluded_lines": []}}}, "services\\security_service\\__init__.py": {"executed_lines": [], "summary": {"covered_lines": 0, "num_statements": 2, "percent_covered": 0.0, "percent_covered_display": "0", "missing_lines": 2, "excluded_lines": 0}, "missing_lines": [2, 4], "excluded_lines": [], "functions": {"": {"executed_lines": [], "summary": {"covered_lines": 0, "num_statements": 2, "percent_covered": 0.0, "percent_covered_display": "0", "missing_lines": 2, "excluded_lines": 0}, "missing_lines": [2, 4], "excluded_lines": []}}, "classes": {"": {"executed_lines": [], "summary": {"covered_lines": 0, "num_statements": 2, "percent_covered": 0.0, "percent_covered_display": "0", "missing_lines": 2, "excluded_lines": 0}, "missing_lines": [2, 4], "excluded_lines": []}}}, "services\\security_service\\security_service.py": {"executed_lines": [], "summary": {"covered_lines": 0, "num_statements": 254, "percent_covered": 0.0, "percent_covered_display": "0", "missing_lines": 254, "excluded_lines": 0}, "missing_lines": [5, 6, 7, 8, 9, 10, 11, 12, 13, 15, 17, 18, 19, 20, 22, 25, 28, 29, 30, 31, 34, 35, 39, 40, 41, 44, 45, 48, 49, 50, 53, 54, 55, 58, 59, 62, 63, 66, 67, 68, 69, 70, 71, 74, 75, 78, 79, 82, 83, 84, 87, 88, 89, 92, 93, 94, 97, 98, 99, 100, 103, 104, 105, 108, 122, 123, 124, 127, 128, 129, 130, 131, 134, 137, 139, 141, 144, 152, 153, 155, 158, 162, 164, 166, 167, 168, 172, 175, 177, 180, 183, 185, 187, 188, 190, 191, 192, 193, 195, 198, 200, 202, 203, 205, 207, 209, 211, 213, 215, 219, 221, 226, 227, 228, 231, 236, 238, 239, 242, 245, 247, 257, 258, 260, 261, 262, 263, 265, 270, 271, 272, 275, 283, 286, 288, 299, 300, 302, 303, 304, 310, 312, 315, 316, 317, 319, 321, 322, 324, 325, 326, 328, 330, 336, 343, 346, 348, 349, 350, 353, 355, 358, 360, 363, 366, 367, 368, 370, 371, 373, 375, 377, 384, 385, 387, 388, 389, 390, 392, 393, 396, 398, 409, 410, 412, 413, 414, 415, 417, 420, 422, 423, 426, 427, 429, 430, 432, 433, 434, 435, 436, 437, 438, 439, 440, 443, 446, 449, 451, 472, 474, 476, 477, 478, 480, 483, 486, 489, 490, 493, 494, 496, 497, 499, 501, 506, 508, 509, 511, 512, 514, 515, 516, 518, 519, 520, 522, 531, 533, 539, 540, 541, 542, 544, 546, 550, 558, 561, 574, 575, 577, 579, 583, 585], "excluded_lines": [], "functions": {"SecurityService.__init__": {"executed_lines": [], "summary": {"covered_lines": 0, "num_statements": 10, "percent_covered": 0.0, "percent_covered_display": "0", "missing_lines": 10, "excluded_lines": 0}, "missing_lines": [123, 124, 127, 128, 129, 130, 131, 134, 137, 139], "excluded_lines": []}, "SecurityService._setup_directories": {"executed_lines": [], "summary": {"covered_lines": 0, "num_statements": 3, "percent_covered": 0.0, "percent_covered_display": "0", "missing_lines": 3, "excluded_lines": 0}, "missing_lines": [144, 152, 153], "excluded_lines": []}, "SecurityService._log_audit_event": {"executed_lines": [], "summary": {"covered_lines": 0, "num_statements": 6, "percent_covered": 0.0, "percent_covered_display": "0", "missing_lines": 6, "excluded_lines": 0}, "missing_lines": [158, 162, 164, 166, 167, 168], "excluded_lines": []}, "SecurityService.initialize_security_infrastructure": {"executed_lines": [], "summary": {"covered_lines": 0, "num_statements": 11, "percent_covered": 0.0, "percent_covered_display": "0", "missing_lines": 11, "excluded_lines": 0}, "missing_lines": [175, 177, 180, 183, 185, 187, 188, 190, 191, 192, 193], "excluded_lines": []}, "SecurityService._ensure_master_key": {"executed_lines": [], "summary": {"covered_lines": 0, "num_statements": 9, "percent_covered": 0.0, "percent_covered_display": "0", "missing_lines": 9, "excluded_lines": 0}, "missing_lines": [198, 200, 202, 203, 205, 207, 209, 211, 213], "excluded_lines": []}, "SecurityService._setup_key_rotation": {"executed_lines": [], "summary": {"covered_lines": 0, "num_statements": 1, "percent_covered": 0.0, "percent_covered_display": "0", "missing_lines": 1, "excluded_lines": 0}, "missing_lines": [219], "excluded_lines": []}, "SecurityService.generate_project_sbom": {"executed_lines": [], "summary": {"covered_lines": 0, "num_statements": 16, "percent_covered": 0.0, "percent_covered_display": "0", "missing_lines": 16, "excluded_lines": 0}, "missing_lines": [226, 227, 228, 231, 236, 238, 239, 242, 245, 247, 257, 258, 260, 261, 262, 263], "excluded_lines": []}, "SecurityService.create_build_attestation": {"executed_lines": [], "summary": {"covered_lines": 0, "num_statements": 13, "percent_covered": 0.0, "percent_covered_display": "0", "missing_lines": 13, "excluded_lines": 0}, "missing_lines": [270, 271, 272, 275, 283, 286, 288, 299, 300, 302, 303, 304, 310], "excluded_lines": []}, "SecurityService.sign_container_image": {"executed_lines": [], "summary": {"covered_lines": 0, "num_statements": 18, "percent_covered": 0.0, "percent_covered_display": "0", "missing_lines": 18, "excluded_lines": 0}, "missing_lines": [315, 316, 317, 319, 321, 322, 324, 325, 326, 328, 330, 336, 343, 346, 348, 349, 350, 353], "excluded_lines": []}, "SecurityService.perform_security_scan": {"executed_lines": [], "summary": {"covered_lines": 0, "num_statements": 27, "percent_covered": 0.0, "percent_covered_display": "0", "missing_lines": 27, "excluded_lines": 0}, "missing_lines": [358, 360, 363, 366, 367, 368, 370, 371, 373, 375, 377, 384, 385, 387, 388, 389, 390, 392, 393, 396, 398, 409, 410, 412, 413, 414, 415], "excluded_lines": []}, "SecurityService.generate_security_report": {"executed_lines": [], "summary": {"covered_lines": 0, "num_statements": 25, "percent_covered": 0.0, "percent_covered_display": "0", "missing_lines": 25, "excluded_lines": 0}, "missing_lines": [420, 422, 423, 426, 427, 429, 430, 432, 433, 434, 435, 436, 437, 438, 439, 440, 443, 446, 449, 451, 472, 474, 476, 477, 478], "excluded_lines": []}, "SecurityService._calculate_security_score": {"executed_lines": [], "summary": {"covered_lines": 0, "num_statements": 9, "percent_covered": 0.0, "percent_covered_display": "0", "missing_lines": 9, "excluded_lines": 0}, "missing_lines": [483, 486, 489, 490, 493, 494, 496, 497, 499], "excluded_lines": []}, "SecurityService._generate_security_recommendations": {"executed_lines": [], "summary": {"covered_lines": 0, "num_statements": 13, "percent_covered": 0.0, "percent_covered_display": "0", "missing_lines": 13, "excluded_lines": 0}, "missing_lines": [506, 508, 509, 511, 512, 514, 515, 516, 518, 519, 520, 522, 531], "excluded_lines": []}, "SecurityService._determine_security_level": {"executed_lines": [], "summary": {"covered_lines": 0, "num_statements": 5, "percent_covered": 0.0, "percent_covered_display": "0", "missing_lines": 5, "excluded_lines": 0}, "missing_lines": [539, 540, 541, 542, 544], "excluded_lines": []}, "SecurityService._assess_compliance": {"executed_lines": [], "summary": {"covered_lines": 0, "num_statements": 1, "percent_covered": 0.0, "percent_covered_display": "0", "missing_lines": 1, "excluded_lines": 0}, "missing_lines": [550], "excluded_lines": []}, "SecurityService.export_security_configuration": {"executed_lines": [], "summary": {"covered_lines": 0, "num_statements": 4, "percent_covered": 0.0, "percent_covered_display": "0", "missing_lines": 4, "excluded_lines": 0}, "missing_lines": [561, 574, 575, 577], "excluded_lines": []}, "SecurityService.cleanup_expired_keys": {"executed_lines": [], "summary": {"covered_lines": 0, "num_statements": 2, "percent_covered": 0.0, "percent_covered_display": "0", "missing_lines": 2, "excluded_lines": 0}, "missing_lines": [583, 585], "excluded_lines": []}, "": {"executed_lines": [], "summary": {"covered_lines": 0, "num_statements": 81, "percent_covered": 0.0, "percent_covered_display": "0", "missing_lines": 81, "excluded_lines": 0}, "missing_lines": [5, 6, 7, 8, 9, 10, 11, 12, 13, 15, 17, 18, 19, 20, 22, 25, 28, 29, 30, 31, 34, 35, 39, 40, 41, 44, 45, 48, 49, 50, 53, 54, 55, 58, 59, 62, 63, 66, 67, 68, 69, 70, 71, 74, 75, 78, 79, 82, 83, 84, 87, 88, 89, 92, 93, 94, 97, 98, 99, 100, 103, 104, 105, 108, 122, 141, 155, 172, 195, 215, 221, 265, 312, 355, 417, 480, 501, 533, 546, 558, 579], "excluded_lines": []}}, "classes": {"SecurityLevel": {"executed_lines": [], "summary": {"covered_lines": 0, "num_statements": 0, "percent_covered": 100.0, "percent_covered_display": "100", "missing_lines": 0, "excluded_lines": 0}, "missing_lines": [], "excluded_lines": []}, "SecurityPolicy": {"executed_lines": [], "summary": {"covered_lines": 0, "num_statements": 0, "percent_covered": 100.0, "percent_covered_display": "100", "missing_lines": 0, "excluded_lines": 0}, "missing_lines": [], "excluded_lines": []}, "SecurityAuditEvent": {"executed_lines": [], "summary": {"covered_lines": 0, "num_statements": 0, "percent_covered": 100.0, "percent_covered_display": "100", "missing_lines": 0, "excluded_lines": 0}, "missing_lines": [], "excluded_lines": []}, "SecurityReport": {"executed_lines": [], "summary": {"covered_lines": 0, "num_statements": 0, "percent_covered": 100.0, "percent_covered_display": "100", "missing_lines": 0, "excluded_lines": 0}, "missing_lines": [], "excluded_lines": []}, "SecurityService": {"executed_lines": [], "summary": {"covered_lines": 0, "num_statements": 173, "percent_covered": 0.0, "percent_covered_display": "0", "missing_lines": 173, "excluded_lines": 0}, "missing_lines": [123, 124, 127, 128, 129, 130, 131, 134, 137, 139, 144, 152, 153, 158, 162, 164, 166, 167, 168, 175, 177, 180, 183, 185, 187, 188, 190, 191, 192, 193, 198, 200, 202, 203, 205, 207, 209, 211, 213, 219, 226, 227, 228, 231, 236, 238, 239, 242, 245, 247, 257, 258, 260, 261, 262, 263, 270, 271, 272, 275, 283, 286, 288, 299, 300, 302, 303, 304, 310, 315, 316, 317, 319, 321, 322, 324, 325, 326, 328, 330, 336, 343, 346, 348, 349, 350, 353, 358, 360, 363, 366, 367, 368, 370, 371, 373, 375, 377, 384, 385, 387, 388, 389, 390, 392, 393, 396, 398, 409, 410, 412, 413, 414, 415, 420, 422, 423, 426, 427, 429, 430, 432, 433, 434, 435, 436, 437, 438, 439, 440, 443, 446, 449, 451, 472, 474, 476, 477, 478, 483, 486, 489, 490, 493, 494, 496, 497, 499, 506, 508, 509, 511, 512, 514, 515, 516, 518, 519, 520, 522, 531, 539, 540, 541, 542, 544, 550, 561, 574, 575, 577, 583, 585], "excluded_lines": []}, "": {"executed_lines": [], "summary": {"covered_lines": 0, "num_statements": 81, "percent_covered": 0.0, "percent_covered_display": "0", "missing_lines": 81, "excluded_lines": 0}, "missing_lines": [5, 6, 7, 8, 9, 10, 11, 12, 13, 15, 17, 18, 19, 20, 22, 25, 28, 29, 30, 31, 34, 35, 39, 40, 41, 44, 45, 48, 49, 50, 53, 54, 55, 58, 59, 62, 63, 66, 67, 68, 69, 70, 71, 74, 75, 78, 79, 82, 83, 84, 87, 88, 89, 92, 93, 94, 97, 98, 99, 100, 103, 104, 105, 108, 122, 141, 155, 172, 195, 215, 221, 265, 312, 355, 417, 480, 501, 533, 546, 558, 579], "excluded_lines": []}}}, "services\\sipp_indexer_service\\__init__.py": {"executed_lines": [17], "summary": {"covered_lines": 0, "num_statements": 0, "percent_covered": 100.0, "percent_covered_display": "100", "missing_lines": 0, "excluded_lines": 0}, "missing_lines": [], "excluded_lines": [], "functions": {"": {"executed_lines": [17], "summary": {"covered_lines": 0, "num_statements": 0, "percent_covered": 100.0, "percent_covered_display": "100", "missing_lines": 0, "excluded_lines": 0}, "missing_lines": [], "excluded_lines": []}}, "classes": {"": {"executed_lines": [17], "summary": {"covered_lines": 0, "num_statements": 0, "percent_covered": 100.0, "percent_covered_display": "100", "missing_lines": 0, "excluded_lines": 0}, "missing_lines": [], "excluded_lines": []}}}, "services\\sipp_indexer_service\\index_isap.py": {"executed_lines": [18, 32, 34, 35, 36, 37, 38, 39, 46, 47, 48, 50, 52, 54, 56, 58, 60, 62, 64, 70, 71, 77, 79, 81, 94, 97, 99, 101, 103, 105, 107], "summary": {"covered_lines": 30, "num_statements": 30, "percent_covered": 100.0, "percent_covered_display": "100", "missing_lines": 0, "excluded_lines": 0}, "missing_lines": [], "excluded_lines": [], "functions": {"_snapshot_for": {"executed_lines": [71, 77, 79, 81], "summary": {"covered_lines": 4, "num_statements": 4, "percent_covered": 100.0, "percent_covered_display": "100", "missing_lines": 0, "excluded_lines": 0}, "missing_lines": [], "excluded_lines": []}, "index_act": {"executed_lines": [97, 99, 101, 103, 105, 107], "summary": {"covered_lines": 6, "num_statements": 6, "percent_covered": 100.0, "percent_covered_display": "100", "missing_lines": 0, "excluded_lines": 0}, "missing_lines": [], "excluded_lines": []}, "": {"executed_lines": [18, 32, 34, 35, 36, 37, 38, 39, 46, 47, 48, 50, 52, 54, 56, 58, 60, 62, 64, 70, 94], "summary": {"covered_lines": 20, "num_statements": 20, "percent_covered": 100.0, "percent_covered_display": "100", "missing_lines": 0, "excluded_lines": 0}, "missing_lines": [], "excluded_lines": []}}, "classes": {"ActSnapshot": {"executed_lines": [], "summary": {"covered_lines": 0, "num_statements": 0, "percent_covered": 100.0, "percent_covered_display": "100", "missing_lines": 0, "excluded_lines": 0}, "missing_lines": [], "excluded_lines": []}, "": {"executed_lines": [18, 32, 34, 35, 36, 37, 38, 39, 46, 47, 48, 50, 52, 54, 56, 58, 60, 62, 64, 70, 71, 77, 79, 81, 94, 97, 99, 101, 103, 105, 107], "summary": {"covered_lines": 30, "num_statements": 30, "percent_covered": 100.0, "percent_covered_display": "100", "missing_lines": 0, "excluded_lines": 0}, "missing_lines": [], "excluded_lines": []}}}, "services\\sipp_indexer_service\\isap_adapter.py": {"executed_lines": [], "summary": {"covered_lines": 0, "num_statements": 19, "percent_covered": 0.0, "percent_covered_display": "0", "missing_lines": 19, "excluded_lines": 0}, "missing_lines": [31, 33, 34, 36, 43, 52, 65, 67, 74, 76, 85, 91, 92, 93, 95, 97, 99, 100, 102], "excluded_lines": [], "functions": {"IsapAdapter.fetch_act_snapshot": {"executed_lines": [], "summary": {"covered_lines": 0, "num_statements": 5, "percent_covered": 0.0, "percent_covered_display": "0", "missing_lines": 5, "excluded_lines": 0}, "missing_lines": [65, 67, 74, 76, 85], "excluded_lines": []}, "_ascii_info": {"executed_lines": [], "summary": {"covered_lines": 0, "num_statements": 7, "percent_covered": 0.0, "percent_covered_display": "0", "missing_lines": 7, "excluded_lines": 0}, "missing_lines": [92, 93, 95, 97, 99, 100, 102], "excluded_lines": []}, "": {"executed_lines": [], "summary": {"covered_lines": 0, "num_statements": 7, "percent_covered": 0.0, "percent_covered_display": "0", "missing_lines": 7, "excluded_lines": 0}, "missing_lines": [31, 33, 34, 36, 43, 52, 91], "excluded_lines": []}}, "classes": {"IsapAdapter": {"executed_lines": [], "summary": {"covered_lines": 0, "num_statements": 5, "percent_covered": 0.0, "percent_covered_display": "0", "missing_lines": 5, "excluded_lines": 0}, "missing_lines": [65, 67, 74, 76, 85], "excluded_lines": []}, "": {"executed_lines": [], "summary": {"covered_lines": 0, "num_statements": 14, "percent_covered": 0.0, "percent_covered_display": "0", "missing_lines": 14, "excluded_lines": 0}, "missing_lines": [31, 33, 34, 36, 43, 52, 91, 92, 93, 95, 97, 99, 100, 102], "excluded_lines": []}}}, "services\\sipp_indexer_service\\models.py": {"executed_lines": [], "summary": {"covered_lines": 0, "num_statements": 10, "percent_covered": 0.0, "percent_covered_display": "0", "missing_lines": 10, "excluded_lines": 0}, "missing_lines": [27, 29, 31, 38, 47, 52, 57, 62, 67, 72], "excluded_lines": [], "functions": {"": {"executed_lines": [], "summary": {"covered_lines": 0, "num_statements": 10, "percent_covered": 0.0, "percent_covered_display": "0", "missing_lines": 10, "excluded_lines": 0}, "missing_lines": [27, 29, 31, 38, 47, 52, 57, 62, 67, 72], "excluded_lines": []}}, "classes": {"LegalActSnapshot": {"executed_lines": [], "summary": {"covered_lines": 0, "num_statements": 0, "percent_covered": 100.0, "percent_covered_display": "100", "missing_lines": 0, "excluded_lines": 0}, "missing_lines": [], "excluded_lines": []}, "": {"executed_lines": [], "summary": {"covered_lines": 0, "num_statements": 10, "percent_covered": 0.0, "percent_covered_display": "0", "missing_lines": 10, "excluded_lines": 0}, "missing_lines": [27, 29, 31, 38, 47, 52, 57, 62, 67, 72], "excluded_lines": []}}}}, "totals": {"covered_lines": 4398, "num_statements": 7648, "percent_covered": 57.50523012552301, "percent_covered_display": "58", "missing_lines": 3250, "excluded_lines": 122}}